

******************************************************************************************************************************************************
********************     10 мая 2019 16:36     ********************
Система запущена в 10 мая 2019 16:36
Обработано 1 сообщений: 1 успешных, 0 не удалось отправить
---- Details ----
[ ID 71] Сообщение Хотите получить воронку продаж «под ключ»? Презентация программы и расценки. успешно отправлено по адресу serg.galaxy@gmail.com

******************************************************************************************************************************************************
********************     10 мая 2019 17:48     ********************
Система запущена в 10 мая 2019 17:48
Обработано 1 сообщений: 1 успешных, 0 не удалось отправить
---- Details ----
[ ID 71] Сообщение Хотите получить воронку продаж «под ключ»? Презентация программы и расценки. успешно отправлено по адресу serg.galaxy@gmail.com

******************************************************************************************************************************************************
********************     11 мая 2019 17:48     ********************
Система запущена в 11 мая 2019 17:48
Обработано 1 сообщений: 1 успешных, 0 не удалось отправить
---- Details ----
[ ID 74] Сообщение Хотите сделать Авто воронку продаж сами? успешно отправлено по адресу serg.galaxy@gmail.com

******************************************************************************************************************************************************
********************     12 мая 2019 17:48     ********************
Система запущена в 12 мая 2019 17:48
Обработано 1 сообщений: 1 успешных, 0 не удалось отправить
---- Details ----
[ ID 82] Сообщение Ответы на частые вопросы об автоворонках. Советуем вам посмотреть. успешно отправлено по адресу serg.galaxy@gmail.com

******************************************************************************************************************************************************
********************     31 мая 2019 16:06     ********************
Система запущена в 31 мая 2019 16:06
Обработано 2 сообщений: 2 успешных, 0 не удалось отправить
---- Details ----
[ ID 91] Сообщение Оплатим мобилку, поможем коту! успешно отправлено по адресу kapel2004@ukr.net
[ ID 92] Сообщение Выиграй 10 000$ с айпей! успешно отправлено по адресу kapel2004@ukr.net

******************************************************************************************************************************************************
********************     31 мая 2019 16:18     ********************
Система запущена в 31 мая 2019 16:18
Обработано 1 сообщений: 1 успешных, 0 не удалось отправить
---- Details ----
[ ID 93] Сообщение Телевизор, просит денег! успешно отправлено по адресу kapel2004@ukr.net

******************************************************************************************************************************************************
********************     31 мая 2019 16:36     ********************
Система запущена в 31 мая 2019 16:36
Обработано 2 сообщений: 2 успешных, 0 не удалось отправить
---- Details ----
[ ID 94] Сообщение Детский садик пора оплатить? успешно отправлено по адресу kapel2004@ukr.net
[ ID 95] Сообщение На вашем счете 101 бонус добра! успешно отправлено по адресу kapel2004@ukr.net

******************************************************************************************************************************************************
********************     31 мая 2019 16:48     ********************
Система запущена в 31 мая 2019 16:48
Обработано 1 сообщений: 1 успешных, 0 не удалось отправить
---- Details ----
[ ID 96] Сообщение Переводы из Европы без комиссии! успешно отправлено по адресу kapel2004@ukr.net