

******************************************************************************************************************************************************
********************     01 марта 2019 10:42     ********************
Система запущена в 01 марта 2019 10:42
Обработано 1 сообщений: 1 успешных, 0 не удалось отправить
---- Details ----
[ ID 71] Сообщение Хотите получить воронку продаж «под ключ»? Презентация программы. успешно отправлено по адресу iorgachev.makc@gmail.com

******************************************************************************************************************************************************
********************     01 марта 2019 16:12     ********************
Система запущена в 01 марта 2019 16:12
Обработано 1 сообщений: 1 успешных, 0 не удалось отправить
---- Details ----
[ ID 71] Сообщение Хотите получить воронку продаж «под ключ»? Презентация программы. успешно отправлено по адресу egodoor@gmail.com

******************************************************************************************************************************************************
********************     02 марта 2019 00:30     ********************
Система запущена в 02 марта 2019 00:30
Обработано 1 сообщений: 1 успешных, 0 не удалось отправить
---- Details ----
[ ID 74] Сообщение Авто воронка продаж. Как создать? С нашей помощью или самому? успешно отправлено по адресу deferend794@gmail.com

******************************************************************************************************************************************************
********************     02 марта 2019 05:42     ********************
Система запущена в 02 марта 2019 05:42
Обработано 1 сообщений: 1 успешных, 0 не удалось отправить
---- Details ----
[ ID 71] Сообщение Хотите получить воронку продаж «под ключ»? Презентация программы. успешно отправлено по адресу karinatokanova1999@gmail.com

******************************************************************************************************************************************************
********************     02 марта 2019 10:42     ********************
Система запущена в 02 марта 2019 10:42
Обработано 1 сообщений: 1 успешных, 0 не удалось отправить
---- Details ----
[ ID 74] Сообщение Авто воронка продаж. Как создать? С нашей помощью или самому? успешно отправлено по адресу iorgachev.makc@gmail.com

******************************************************************************************************************************************************
********************     02 марта 2019 11:12     ********************
Система запущена в 02 марта 2019 11:12
Обработано 1 сообщений: 1 успешных, 0 не удалось отправить
---- Details ----
[ ID 71] Сообщение Хотите получить воронку продаж «под ключ»? Презентация программы. успешно отправлено по адресу etoilegroup@bk.ru

******************************************************************************************************************************************************
********************     02 марта 2019 11:42     ********************
Система запущена в 02 марта 2019 11:42
Обработано 1 сообщений: 1 успешных, 0 не удалось отправить
---- Details ----
[ ID 71] Сообщение Хотите получить воронку продаж «под ключ»? Презентация программы. успешно отправлено по адресу vit.durov@gmail.com

******************************************************************************************************************************************************
********************     02 марта 2019 16:12     ********************
Система запущена в 02 марта 2019 16:12
Обработано 1 сообщений: 1 успешных, 0 не удалось отправить
---- Details ----
[ ID 74] Сообщение Авто воронка продаж. Как создать? С нашей помощью или самому? успешно отправлено по адресу egodoor@gmail.com

******************************************************************************************************************************************************
********************     03 марта 2019 05:42     ********************
Система запущена в 03 марта 2019 05:42
Обработано 1 сообщений: 1 успешных, 0 не удалось отправить
---- Details ----
[ ID 74] Сообщение Авто воронка продаж. Как создать? С нашей помощью или самому? успешно отправлено по адресу karinatokanova1999@gmail.com

******************************************************************************************************************************************************
********************     03 марта 2019 11:12     ********************
Система запущена в 03 марта 2019 11:12
Обработано 1 сообщений: 1 успешных, 0 не удалось отправить
---- Details ----
[ ID 74] Сообщение Авто воронка продаж. Как создать? С нашей помощью или самому? успешно отправлено по адресу etoilegroup@bk.ru

******************************************************************************************************************************************************
********************     03 марта 2019 11:42     ********************
Система запущена в 03 марта 2019 11:42
Обработано 1 сообщений: 1 успешных, 0 не удалось отправить
---- Details ----
[ ID 74] Сообщение Авто воронка продаж. Как создать? С нашей помощью или самому? успешно отправлено по адресу vit.durov@gmail.com

******************************************************************************************************************************************************
********************     03 марта 2019 20:12     ********************
Система запущена в 03 марта 2019 20:12
Обработано 1 сообщений: 1 успешных, 0 не удалось отправить
---- Details ----
[ ID 71] Сообщение Хотите получить воронку продаж «под ключ»? Презентация программы. успешно отправлено по адресу koval5555.da@gmail.com

******************************************************************************************************************************************************
********************     03 марта 2019 22:12     ********************
Система запущена в 03 марта 2019 22:12
Обработано 1 сообщений: 1 успешных, 0 не удалось отправить
---- Details ----
[ ID 71] Сообщение Хотите получить воронку продаж «под ключ»? Презентация программы. успешно отправлено по адресу bestbudbeton@gmail.com

******************************************************************************************************************************************************
********************     04 марта 2019 07:00     ********************
Система запущена в 04 марта 2019 07:00
Обработано 1 сообщений: 1 успешных, 0 не удалось отправить
---- Details ----
[ ID 71] Сообщение Хотите получить воронку продаж «под ключ»? Презентация программы. успешно отправлено по адресу zhankobay67@mail.ru

******************************************************************************************************************************************************
********************     04 марта 2019 10:00     ********************
Система запущена в 04 марта 2019 10:00
Обработано 1 сообщений: 1 успешных, 0 не удалось отправить
---- Details ----
[ ID 71] Сообщение Хотите получить воронку продаж «под ключ»? Презентация программы. успешно отправлено по адресу tina2206china@gmail.com

******************************************************************************************************************************************************
********************     04 марта 2019 12:12     ********************
Система запущена в 04 марта 2019 12:12
Обработано 1 сообщений: 1 успешных, 0 не удалось отправить
---- Details ----
[ ID 71] Сообщение Хотите получить воронку продаж «под ключ»? Презентация программы. успешно отправлено по адресу super3star2015@gmail.com

******************************************************************************************************************************************************
********************     04 марта 2019 20:12     ********************
Система запущена в 04 марта 2019 20:12
Обработано 1 сообщений: 1 успешных, 0 не удалось отправить
---- Details ----
[ ID 74] Сообщение Авто воронка продаж. Как создать? С нашей помощью или самому? успешно отправлено по адресу koval5555.da@gmail.com

******************************************************************************************************************************************************
********************     04 марта 2019 22:12     ********************
Система запущена в 04 марта 2019 22:12
Обработано 1 сообщений: 1 успешных, 0 не удалось отправить
---- Details ----
[ ID 74] Сообщение Авто воронка продаж. Как создать? С нашей помощью или самому? успешно отправлено по адресу bestbudbeton@gmail.com

******************************************************************************************************************************************************
********************     05 марта 2019 05:00     ********************
Система запущена в 05 марта 2019 05:00
Обработано 1 сообщений: 1 успешных, 0 не удалось отправить
---- Details ----
[ ID 71] Сообщение Хотите получить воронку продаж «под ключ»? Презентация программы. успешно отправлено по адресу povoroznyuk1992@gmail.com

******************************************************************************************************************************************************
********************     05 марта 2019 07:00     ********************
Система запущена в 05 марта 2019 07:00
Обработано 1 сообщений: 0 успешных, 1 не удалось отправить
---- Details ----
[ ID 74] Пользователь zhankobay67@mail.ru не подтвердил подписку

******************************************************************************************************************************************************
********************     05 марта 2019 10:00     ********************
Система запущена в 05 марта 2019 10:00
Обработано 1 сообщений: 1 успешных, 0 не удалось отправить
---- Details ----
[ ID 74] Сообщение Авто воронка продаж. Как создать? С нашей помощью или самому? успешно отправлено по адресу tina2206china@gmail.com

******************************************************************************************************************************************************
********************     05 марта 2019 12:12     ********************
Система запущена в 05 марта 2019 12:12
Обработано 2 сообщений: 2 успешных, 0 не удалось отправить
---- Details ----
[ ID 71] Сообщение Хотите получить воронку продаж «под ключ»? Презентация программы. успешно отправлено по адресу milena.jewerly@gmail.com
[ ID 74] Сообщение Авто воронка продаж. Как создать? С нашей помощью или самому? успешно отправлено по адресу super3star2015@gmail.com

******************************************************************************************************************************************************
********************     06 марта 2019 05:00     ********************
Система запущена в 06 марта 2019 05:00
Обработано 1 сообщений: 1 успешных, 0 не удалось отправить
---- Details ----
[ ID 74] Сообщение Авто воронка продаж. Как создать? С нашей помощью или самому? успешно отправлено по адресу povoroznyuk1992@gmail.com

******************************************************************************************************************************************************
********************     06 марта 2019 08:12     ********************
Система запущена в 06 марта 2019 08:12
Обработано 1 сообщений: 1 успешных, 0 не удалось отправить
---- Details ----
[ ID 71] Сообщение Хотите получить воронку продаж «под ключ»? Презентация программы. успешно отправлено по адресу dashunya_v_94@mail.ru

******************************************************************************************************************************************************
********************     06 марта 2019 12:12     ********************
Система запущена в 06 марта 2019 12:12
Обработано 1 сообщений: 1 успешных, 0 не удалось отправить
---- Details ----
[ ID 74] Сообщение Авто воронка продаж. Как создать? С нашей помощью или самому? успешно отправлено по адресу milena.jewerly@gmail.com

******************************************************************************************************************************************************
********************     06 марта 2019 15:12     ********************
Система запущена в 06 марта 2019 15:12
Обработано 1 сообщений: 1 успешных, 0 не удалось отправить
---- Details ----
[ ID 71] Сообщение Хотите получить воронку продаж «под ключ»? Презентация программы. успешно отправлено по адресу krymprofstal@mail.ru

******************************************************************************************************************************************************
********************     07 марта 2019 08:12     ********************
Система запущена в 07 марта 2019 08:12
Обработано 1 сообщений: 1 успешных, 0 не удалось отправить
---- Details ----
[ ID 74] Сообщение Авто воронка продаж. Как создать? С нашей помощью или самому? успешно отправлено по адресу dashunya_v_94@mail.ru

******************************************************************************************************************************************************
********************     07 марта 2019 15:12     ********************
Система запущена в 07 марта 2019 15:12
Обработано 1 сообщений: 1 успешных, 0 не удалось отправить
---- Details ----
[ ID 74] Сообщение Авто воронка продаж. Как создать? С нашей помощью или самому? успешно отправлено по адресу krymprofstal@mail.ru

******************************************************************************************************************************************************
********************     07 марта 2019 20:00     ********************
Система запущена в 07 марта 2019 20:00
Обработано 1 сообщений: 1 успешных, 0 не удалось отправить
---- Details ----
[ ID 71] Сообщение Хотите получить воронку продаж «под ключ»? Презентация программы. успешно отправлено по адресу u.nikolaev@kontaktmarket.ru

******************************************************************************************************************************************************
********************     08 марта 2019 13:30     ********************
Система запущена в 08 марта 2019 13:30
Обработано 1 сообщений: 1 успешных, 0 не удалось отправить
---- Details ----
[ ID 71] Сообщение Хотите получить воронку продаж «под ключ»? Презентация программы. успешно отправлено по адресу sergey@olgaermilova.com

******************************************************************************************************************************************************
********************     08 марта 2019 20:00     ********************
Система запущена в 08 марта 2019 20:00
Обработано 1 сообщений: 1 успешных, 0 не удалось отправить
---- Details ----
[ ID 74] Сообщение Авто воронка продаж. Как создать? С нашей помощью или самому? успешно отправлено по адресу u.nikolaev@kontaktmarket.ru

******************************************************************************************************************************************************
********************     09 марта 2019 03:00     ********************
Система запущена в 09 марта 2019 03:00
Обработано 1 сообщений: 1 успешных, 0 не удалось отправить
---- Details ----
[ ID 71] Сообщение Хотите получить воронку продаж «под ключ»? Презентация программы. успешно отправлено по адресу zaurbekova-a@mail.ru

******************************************************************************************************************************************************
********************     09 марта 2019 13:30     ********************
Система запущена в 09 марта 2019 13:30
Обработано 1 сообщений: 1 успешных, 0 не удалось отправить
---- Details ----
[ ID 74] Сообщение Авто воронка продаж. Как создать? С нашей помощью или самому? успешно отправлено по адресу sergey@olgaermilova.com

******************************************************************************************************************************************************
********************     10 марта 2019 03:00     ********************
Система запущена в 10 марта 2019 03:00
Обработано 1 сообщений: 1 успешных, 0 не удалось отправить
---- Details ----
[ ID 74] Сообщение Авто воронка продаж. Как создать? С нашей помощью или самому? успешно отправлено по адресу zaurbekova-a@mail.ru

******************************************************************************************************************************************************
********************     12 марта 2019 05:00     ********************
Система запущена в 12 марта 2019 05:00
Обработано 2 сообщений: 2 успешных, 0 не удалось отправить
---- Details ----
[ ID 71] Сообщение Хотите получить воронку продаж «под ключ»? Презентация программы. успешно отправлено по адресу angelina.sl@mail.ru
[ ID 71] Сообщение Хотите получить воронку продаж «под ключ»? Презентация программы. успешно отправлено по адресу info@sibirskie.com

******************************************************************************************************************************************************
********************     12 марта 2019 06:00     ********************
Система запущена в 12 марта 2019 06:00
Обработано 1 сообщений: 1 успешных, 0 не удалось отправить
---- Details ----
[ ID 60] Сообщение Ангелина, Хорошая новость! Ваш доступ к видео курсу - интернет грамотности собственника готов.  успешно отправлено по адресу angelina.sl@mail.ru

******************************************************************************************************************************************************
********************     12 марта 2019 14:00     ********************
Система запущена в 12 марта 2019 14:00
Обработано 1 сообщений: 1 успешных, 0 не удалось отправить
---- Details ----
[ ID 71] Сообщение Хотите получить воронку продаж «под ключ»? Презентация программы. успешно отправлено по адресу iraleomi@gmail.com

******************************************************************************************************************************************************
********************     12 марта 2019 17:12     ********************
Система запущена в 12 марта 2019 17:12
Обработано 1 сообщений: 1 успешных, 0 не удалось отправить
---- Details ----
[ ID 71] Сообщение Хотите получить воронку продаж «под ключ»? Презентация программы. успешно отправлено по адресу a.danyluk@onlinecorrector.com.ua

******************************************************************************************************************************************************
********************     12 марта 2019 17:30     ********************
Система запущена в 12 марта 2019 17:30
Обработано 1 сообщений: 1 успешных, 0 не удалось отправить
---- Details ----
[ ID 71] Сообщение Хотите получить воронку продаж «под ключ»? Презентация программы. успешно отправлено по адресу 377837@ukr.net

******************************************************************************************************************************************************
********************     13 марта 2019 05:00     ********************
Система запущена в 13 марта 2019 05:00
Обработано 2 сообщений: 2 успешных, 0 не удалось отправить
---- Details ----
[ ID 74] Сообщение Авто воронка продаж. Как создать? С нашей помощью или самому? успешно отправлено по адресу angelina.sl@mail.ru
[ ID 65] Сообщение Ангелина, Ваш доступ к уроку по интернет маркетингу готов успешно отправлено по адресу angelina.sl@mail.ru

******************************************************************************************************************************************************
********************     13 марта 2019 13:42     ********************
Система запущена в 13 марта 2019 13:42
Обработано 1 сообщений: 1 успешных, 0 не удалось отправить
---- Details ----
[ ID 71] Сообщение Хотите получить воронку продаж «под ключ»? Презентация программы. успешно отправлено по адресу fdcompany1@ukr.net

******************************************************************************************************************************************************
********************     13 марта 2019 17:12     ********************
Система запущена в 13 марта 2019 17:12
Обработано 1 сообщений: 1 успешных, 0 не удалось отправить
---- Details ----
[ ID 74] Сообщение Авто воронка продаж. Как создать? С нашей помощью или самому? успешно отправлено по адресу a.danyluk@onlinecorrector.com.ua

******************************************************************************************************************************************************
********************     13 марта 2019 17:30     ********************
Система запущена в 13 марта 2019 17:30
Обработано 1 сообщений: 1 успешных, 0 не удалось отправить
---- Details ----
[ ID 74] Сообщение Авто воронка продаж. Как создать? С нашей помощью или самому? успешно отправлено по адресу 377837@ukr.net

******************************************************************************************************************************************************
********************     14 марта 2019 05:00     ********************
Система запущена в 14 марта 2019 05:00
Обработано 2 сообщений: 2 успешных, 0 не удалось отправить
---- Details ----
[ ID 75] Сообщение Как определить стоимость разработки авто-воронки под ключ успешно отправлено по адресу angelina.sl@mail.ru
[ ID 67] Сообщение Ангелина, Ваш доступ к уроку-3. Какие нужны люди в digital компании - готов. успешно отправлено по адресу angelina.sl@mail.ru

******************************************************************************************************************************************************
********************     14 марта 2019 13:42     ********************
Система запущена в 14 марта 2019 13:42
Обработано 1 сообщений: 1 успешных, 0 не удалось отправить
---- Details ----
[ ID 74] Сообщение Авто воронка продаж. Как создать? С нашей помощью или самому? успешно отправлено по адресу fdcompany1@ukr.net

******************************************************************************************************************************************************
********************     14 марта 2019 17:30     ********************
Система запущена в 14 марта 2019 17:30
Обработано 1 сообщений: 1 успешных, 0 не удалось отправить
---- Details ----
[ ID 75] Сообщение Как определить стоимость разработки авто-воронки под ключ успешно отправлено по адресу 377837@ukr.net

******************************************************************************************************************************************************
********************     15 марта 2019 05:00     ********************
Система запущена в 15 марта 2019 05:00
Обработано 1 сообщений: 1 успешных, 0 не удалось отправить
---- Details ----
[ ID 72] Сообщение Хотите получить воронку продаж «под ключ»? успешно отправлено по адресу angelina.sl@mail.ru

******************************************************************************************************************************************************
********************     15 марта 2019 13:42     ********************
Система запущена в 15 марта 2019 13:42
Обработано 1 сообщений: 1 успешных, 0 не удалось отправить
---- Details ----
[ ID 75] Сообщение Как определить стоимость разработки авто-воронки под ключ успешно отправлено по адресу fdcompany1@ukr.net

******************************************************************************************************************************************************
********************     15 марта 2019 21:00     ********************
Система запущена в 15 марта 2019 21:00
Обработано 1 сообщений: 1 успешных, 0 не удалось отправить
---- Details ----
[ ID 71] Сообщение Хотите получить воронку продаж «под ключ»? Презентация программы. успешно отправлено по адресу asheyl@yandex.ru

******************************************************************************************************************************************************
********************     16 марта 2019 08:00     ********************
Система запущена в 16 марта 2019 08:00
Обработано 1 сообщений: 1 успешных, 0 не удалось отправить
---- Details ----
[ ID 71] Сообщение Хотите получить воронку продаж «под ключ»? Презентация программы. успешно отправлено по адресу ineusrio1986@gmail.com

******************************************************************************************************************************************************
********************     16 марта 2019 09:30     ********************
Система запущена в 16 марта 2019 09:30
Обработано 1 сообщений: 1 успешных, 0 не удалось отправить
---- Details ----
[ ID 71] Сообщение Хотите получить воронку продаж «под ключ»? Презентация программы. успешно отправлено по адресу marinagridko99@gmail.com

******************************************************************************************************************************************************
********************     16 марта 2019 14:30     ********************
Система запущена в 16 марта 2019 14:30
Обработано 1 сообщений: 1 успешных, 0 не удалось отправить
---- Details ----
[ ID 71] Сообщение Хотите получить воронку продаж «под ключ»? Презентация программы. успешно отправлено по адресу nadezhda-n@list.ru

******************************************************************************************************************************************************
********************     16 марта 2019 21:00     ********************
Система запущена в 16 марта 2019 21:00
Обработано 1 сообщений: 1 успешных, 0 не удалось отправить
---- Details ----
[ ID 74] Сообщение Авто воронка продаж. Как создать? С нашей помощью или самому? успешно отправлено по адресу asheyl@yandex.ru

******************************************************************************************************************************************************
********************     17 марта 2019 08:00     ********************
Система запущена в 17 марта 2019 08:00
Обработано 1 сообщений: 1 успешных, 0 не удалось отправить
---- Details ----
[ ID 74] Сообщение Авто воронка продаж. Как создать? С нашей помощью или самому? успешно отправлено по адресу ineusrio1986@gmail.com

******************************************************************************************************************************************************
********************     17 марта 2019 09:30     ********************
Система запущена в 17 марта 2019 09:30
Обработано 1 сообщений: 1 успешных, 0 не удалось отправить
---- Details ----
[ ID 74] Сообщение Авто воронка продаж. Как создать? С нашей помощью или самому? успешно отправлено по адресу marinagridko99@gmail.com

******************************************************************************************************************************************************
********************     17 марта 2019 11:42     ********************
Система запущена в 17 марта 2019 11:42
Обработано 1 сообщений: 1 успешных, 0 не удалось отправить
---- Details ----
[ ID 71] Сообщение Хотите получить воронку продаж «под ключ»? Презентация программы. успешно отправлено по адресу nativesell@gmail.com

******************************************************************************************************************************************************
********************     17 марта 2019 14:30     ********************
Система запущена в 17 марта 2019 14:30
Обработано 1 сообщений: 1 успешных, 0 не удалось отправить
---- Details ----
[ ID 74] Сообщение Авто воронка продаж. Как создать? С нашей помощью или самому? успешно отправлено по адресу nadezhda-n@list.ru

******************************************************************************************************************************************************
********************     17 марта 2019 15:42     ********************
Система запущена в 17 марта 2019 15:42
Обработано 1 сообщений: 1 успешных, 0 не удалось отправить
---- Details ----
[ ID 71] Сообщение Хотите получить воронку продаж «под ключ»? Презентация программы. успешно отправлено по адресу semanemtinov@mail.ru

******************************************************************************************************************************************************
********************     17 марта 2019 19:42     ********************
Система запущена в 17 марта 2019 19:42
Обработано 1 сообщений: 1 успешных, 0 не удалось отправить
---- Details ----
[ ID 71] Сообщение Хотите получить воронку продаж «под ключ»? Презентация программы. успешно отправлено по адресу titarovskaya1@gmail.com

******************************************************************************************************************************************************
********************     17 марта 2019 21:00     ********************
Система запущена в 17 марта 2019 21:00
Обработано 1 сообщений: 1 успешных, 0 не удалось отправить
---- Details ----
[ ID 75] Сообщение Как определить стоимость разработки авто-воронки под ключ успешно отправлено по адресу asheyl@yandex.ru

******************************************************************************************************************************************************
********************     18 марта 2019 01:30     ********************
Система запущена в 18 марта 2019 01:30
Обработано 1 сообщений: 1 успешных, 0 не удалось отправить
---- Details ----
[ ID 71] Сообщение Хотите получить воронку продаж «под ключ»? Презентация программы. успешно отправлено по адресу nsdveriodessa@gmail.com

******************************************************************************************************************************************************
********************     18 марта 2019 08:00     ********************
Система запущена в 18 марта 2019 08:00
Обработано 1 сообщений: 1 успешных, 0 не удалось отправить
---- Details ----
[ ID 75] Сообщение Как определить стоимость разработки авто-воронки под ключ успешно отправлено по адресу ineusrio1986@gmail.com

******************************************************************************************************************************************************
********************     18 марта 2019 08:12     ********************
Система запущена в 18 марта 2019 08:12
Обработано 1 сообщений: 1 успешных, 0 не удалось отправить
---- Details ----
[ ID 71] Сообщение Хотите получить воронку продаж «под ключ»? Презентация программы. успешно отправлено по адресу dovga.vita@gmail.com

******************************************************************************************************************************************************
********************     18 марта 2019 09:30     ********************
Система запущена в 18 марта 2019 09:30
Обработано 1 сообщений: 1 успешных, 0 не удалось отправить
---- Details ----
[ ID 75] Сообщение Как определить стоимость разработки авто-воронки под ключ успешно отправлено по адресу marinagridko99@gmail.com

******************************************************************************************************************************************************
********************     18 марта 2019 11:42     ********************
Система запущена в 18 марта 2019 11:42
Обработано 1 сообщений: 1 успешных, 0 не удалось отправить
---- Details ----
[ ID 74] Сообщение Авто воронка продаж. Как создать? С нашей помощью или самому? успешно отправлено по адресу nativesell@gmail.com

******************************************************************************************************************************************************
********************     18 марта 2019 14:30     ********************
Система запущена в 18 марта 2019 14:30
Обработано 1 сообщений: 1 успешных, 0 не удалось отправить
---- Details ----
[ ID 75] Сообщение Как определить стоимость разработки авто-воронки под ключ успешно отправлено по адресу nadezhda-n@list.ru

******************************************************************************************************************************************************
********************     18 марта 2019 15:42     ********************
Система запущена в 18 марта 2019 15:42
Обработано 1 сообщений: 1 успешных, 0 не удалось отправить
---- Details ----
[ ID 74] Сообщение Авто воронка продаж. Как создать? С нашей помощью или самому? успешно отправлено по адресу semanemtinov@mail.ru

******************************************************************************************************************************************************
********************     18 марта 2019 19:42     ********************
Система запущена в 18 марта 2019 19:42
Обработано 1 сообщений: 1 успешных, 0 не удалось отправить
---- Details ----
[ ID 74] Сообщение Авто воронка продаж. Как создать? С нашей помощью или самому? успешно отправлено по адресу titarovskaya1@gmail.com

******************************************************************************************************************************************************
********************     19 марта 2019 01:30     ********************
Система запущена в 19 марта 2019 01:30
Обработано 1 сообщений: 1 успешных, 0 не удалось отправить
---- Details ----
[ ID 74] Сообщение Авто воронка продаж. Как создать? С нашей помощью или самому? успешно отправлено по адресу nsdveriodessa@gmail.com

******************************************************************************************************************************************************
********************     19 марта 2019 07:12     ********************
Система запущена в 19 марта 2019 07:12
Обработано 1 сообщений: 1 успешных, 0 не удалось отправить
---- Details ----
[ ID 71] Сообщение Хотите получить воронку продаж «под ключ»? Презентация программы. успешно отправлено по адресу svetlana.kadolba@gmail.com

******************************************************************************************************************************************************
********************     19 марта 2019 08:12     ********************
Система запущена в 19 марта 2019 08:12
Обработано 1 сообщений: 1 успешных, 0 не удалось отправить
---- Details ----
[ ID 74] Сообщение Авто воронка продаж. Как создать? С нашей помощью или самому? успешно отправлено по адресу dovga.vita@gmail.com

******************************************************************************************************************************************************
********************     19 марта 2019 11:42     ********************
Система запущена в 19 марта 2019 11:42
Обработано 1 сообщений: 1 успешных, 0 не удалось отправить
---- Details ----
[ ID 75] Сообщение Как определить стоимость разработки авто-воронки под ключ успешно отправлено по адресу nativesell@gmail.com

******************************************************************************************************************************************************
********************     19 марта 2019 15:42     ********************
Система запущена в 19 марта 2019 15:42
Обработано 1 сообщений: 1 успешных, 0 не удалось отправить
---- Details ----
[ ID 75] Сообщение Как определить стоимость разработки авто-воронки под ключ успешно отправлено по адресу semanemtinov@mail.ru

******************************************************************************************************************************************************
********************     19 марта 2019 19:42     ********************
Система запущена в 19 марта 2019 19:42
Обработано 1 сообщений: 1 успешных, 0 не удалось отправить
---- Details ----
[ ID 75] Сообщение Как определить стоимость разработки авто-воронки под ключ успешно отправлено по адресу titarovskaya1@gmail.com

******************************************************************************************************************************************************
********************     20 марта 2019 01:30     ********************
Система запущена в 20 марта 2019 01:30
Обработано 1 сообщений: 1 успешных, 0 не удалось отправить
---- Details ----
[ ID 75] Сообщение Как определить стоимость разработки авто-воронки под ключ успешно отправлено по адресу nsdveriodessa@gmail.com

******************************************************************************************************************************************************
********************     20 марта 2019 07:12     ********************
Система запущена в 20 марта 2019 07:12
Обработано 1 сообщений: 1 успешных, 0 не удалось отправить
---- Details ----
[ ID 74] Сообщение Авто воронка продаж. Как создать? С нашей помощью или самому? успешно отправлено по адресу svetlana.kadolba@gmail.com

******************************************************************************************************************************************************
********************     20 марта 2019 08:12     ********************
Система запущена в 20 марта 2019 08:12
Обработано 1 сообщений: 1 успешных, 0 не удалось отправить
---- Details ----
[ ID 75] Сообщение Как определить стоимость разработки авто-воронки под ключ успешно отправлено по адресу dovga.vita@gmail.com

******************************************************************************************************************************************************
********************     20 марта 2019 12:30     ********************
Система запущена в 20 марта 2019 12:30
Обработано 1 сообщений: 1 успешных, 0 не удалось отправить
---- Details ----
[ ID 71] Сообщение Хотите получить воронку продаж «под ключ»? Презентация программы. успешно отправлено по адресу bar5peppers@gmail.com

******************************************************************************************************************************************************
********************     21 марта 2019 07:12     ********************
Система запущена в 21 марта 2019 07:12
Обработано 1 сообщений: 1 успешных, 0 не удалось отправить
---- Details ----
[ ID 75] Сообщение Как определить стоимость разработки авто-воронки под ключ успешно отправлено по адресу svetlana.kadolba@gmail.com

******************************************************************************************************************************************************
********************     21 марта 2019 12:30     ********************
Система запущена в 21 марта 2019 12:30
Обработано 1 сообщений: 1 успешных, 0 не удалось отправить
---- Details ----
[ ID 74] Сообщение Авто воронка продаж. Как создать? С нашей помощью или самому? успешно отправлено по адресу bar5peppers@gmail.com

******************************************************************************************************************************************************
********************     22 марта 2019 12:30     ********************
Система запущена в 22 марта 2019 12:30
Обработано 1 сообщений: 1 успешных, 0 не удалось отправить
---- Details ----
[ ID 75] Сообщение Как определить стоимость разработки авто-воронки под ключ успешно отправлено по адресу bar5peppers@gmail.com