

******************************************************************************************************************************************************
********************     10 апреля 2019 11:42     ********************
Система запущена в 10 апреля 2019 11:42
Обработано 1 сообщений: 1 успешных, 0 не удалось отправить
---- Details ----
[ ID 60] Сообщение Капинус Денис, Хорошая новость! Ваш доступ к видео курсу - интернет грамотности собственника готов.  успешно отправлено по адресу den.kapinus@gmail.com

******************************************************************************************************************************************************
********************     10 апреля 2019 13:42     ********************
Система запущена в 10 апреля 2019 13:42
Обработано 1 сообщений: 0 успешных, 1 не удалось отправить
---- Details ----
[ ID 60] Пользователь kvpetrakov@gmail.com не подтвердил подписку

******************************************************************************************************************************************************
********************     10 апреля 2019 14:18     ********************
Система запущена в 10 апреля 2019 14:18
Обработано 1 сообщений: 1 успешных, 0 не удалось отправить
---- Details ----
[ ID 53] Сообщение Капинус Денис, Ваш доступ к уроку-1 блока-1 успешно отправлено по адресу den.kapinus@gmail.com

******************************************************************************************************************************************************
********************     10 апреля 2019 15:00     ********************
Система запущена в 10 апреля 2019 15:00
Обработано 1 сообщений: 1 успешных, 0 не удалось отправить
---- Details ----
[ ID 88] Сообщение Константин, посмотрели 1 урок? Пройдите тест! успешно отправлено по адресу kvpetrakov@gmail.com

******************************************************************************************************************************************************
********************     10 апреля 2019 15:18     ********************
Система запущена в 10 апреля 2019 15:18
Обработано 1 сообщений: 1 успешных, 0 не удалось отправить
---- Details ----
[ ID 88] Сообщение Капинус Денис, посмотрели 1 урок? Пройдите тест! успешно отправлено по адресу den.kapinus@gmail.com

******************************************************************************************************************************************************
********************     12 апреля 2019 11:48     ********************
Система запущена в 12 апреля 2019 11:48
Обработано 2 сообщений: 2 успешных, 0 не удалось отправить
---- Details ----
[ ID 65] Сообщение Капинус Денис, Ваш доступ к уроку по интернет маркетингу готов успешно отправлено по адресу den.kapinus@gmail.com
[ ID 54] Сообщение Капинус Денис, Ваш доступ к уроку-2 блока-1 успешно отправлено по адресу den.kapinus@gmail.com

******************************************************************************************************************************************************
********************     12 апреля 2019 13:48     ********************
Система запущена в 12 апреля 2019 13:48
Обработано 1 сообщений: 1 успешных, 0 не удалось отправить
---- Details ----
[ ID 65] Сообщение Константин, Ваш доступ к уроку по интернет маркетингу готов успешно отправлено по адресу kvpetrakov@gmail.com

******************************************************************************************************************************************************
********************     13 апреля 2019 13:30     ********************
Система запущена в 13 апреля 2019 13:30
Обработано 1 сообщений: 1 успешных, 0 не удалось отправить
---- Details ----
[ ID 54] Сообщение Капинус Денис, Ваш доступ к уроку-2 блока-1 успешно отправлено по адресу den.kapinus@gmail.com

******************************************************************************************************************************************************
********************     13 апреля 2019 14:30     ********************
Система запущена в 13 апреля 2019 14:30
Обработано 1 сообщений: 1 успешных, 0 не удалось отправить
---- Details ----
[ ID 89] Сообщение Капинус Денис, посмотрели 2 урок? Пройдите тест! успешно отправлено по адресу den.kapinus@gmail.com

******************************************************************************************************************************************************
********************     14 апреля 2019 11:48     ********************
Система запущена в 14 апреля 2019 11:48
Обработано 1 сообщений: 1 успешных, 0 не удалось отправить
---- Details ----
[ ID 67] Сообщение Капинус Денис, Ваш доступ к уроку-3. Какие нужны люди в digital компании - готов. успешно отправлено по адресу den.kapinus@gmail.com

******************************************************************************************************************************************************
********************     14 апреля 2019 13:48     ********************
Система запущена в 14 апреля 2019 13:48
Обработано 1 сообщений: 1 успешных, 0 не удалось отправить
---- Details ----
[ ID 67] Сообщение Константин, Ваш доступ к уроку-3. Какие нужны люди в digital компании - готов. успешно отправлено по адресу kvpetrakov@gmail.com

******************************************************************************************************************************************************
********************     14 апреля 2019 17:48     ********************
Система запущена в 14 апреля 2019 17:48
Обработано 1 сообщений: 1 успешных, 0 не удалось отправить
---- Details ----
[ ID 55] Сообщение Капинус Денис, Ваш доступ к уроку-3 блока-1 успешно отправлено по адресу den.kapinus@gmail.com

******************************************************************************************************************************************************
********************     15 апреля 2019 12:48     ********************
Система запущена в 15 апреля 2019 12:48
Обработано 1 сообщений: 1 успешных, 0 не удалось отправить
---- Details ----
[ ID 54] Сообщение Константин, Ваш доступ к уроку-2 блока-1 успешно отправлено по адресу kvpetrakov@gmail.com

******************************************************************************************************************************************************
********************     15 апреля 2019 13:18     ********************
Система запущена в 15 апреля 2019 13:18
Обработано 1 сообщений: 1 успешных, 0 не удалось отправить
---- Details ----
[ ID 60] Сообщение Александр, Хорошая новость! Ваш доступ к видео курсу - интернет грамотности собственника готов.  успешно отправлено по адресу sshweps@gmail.com

******************************************************************************************************************************************************
********************     15 апреля 2019 13:48     ********************
Система запущена в 15 апреля 2019 13:48
Обработано 1 сообщений: 1 успешных, 0 не удалось отправить
---- Details ----
[ ID 89] Сообщение Константин, посмотрели 2 урок? Пройдите тест! успешно отправлено по адресу kvpetrakov@gmail.com

******************************************************************************************************************************************************
********************     15 апреля 2019 14:30     ********************
Система запущена в 15 апреля 2019 14:30
Обработано 1 сообщений: 1 успешных, 0 не удалось отправить
---- Details ----
[ ID 60] Сообщение Ssfdfsdfdsf, Хорошая новость! Ваш доступ к видео курсу - интернет грамотности собственника готов.  успешно отправлено по адресу tazuxev@mail-apps.net

******************************************************************************************************************************************************
********************     15 апреля 2019 15:06     ********************
Система запущена в 15 апреля 2019 15:06
Обработано 1 сообщений: 1 успешных, 0 не удалось отправить
---- Details ----
[ ID 53] Сообщение Александр, Ваш доступ к уроку-1 блока-1 успешно отправлено по адресу sshweps@gmail.com

******************************************************************************************************************************************************
********************     15 апреля 2019 16:06     ********************
Система запущена в 15 апреля 2019 16:06
Обработано 1 сообщений: 1 успешных, 0 не удалось отправить
---- Details ----
[ ID 88] Сообщение Александр, посмотрели 1 урок? Пройдите тест! успешно отправлено по адресу sshweps@gmail.com

******************************************************************************************************************************************************
********************     15 апреля 2019 16:18     ********************
Система запущена в 15 апреля 2019 16:18
Обработано 2 сообщений: 2 успешных, 0 не удалось отправить
---- Details ----
[ ID 59] Сообщение Результаты теста успешно отправлено по адресу sshweps@gmail.com
[ ID 54] Сообщение Александр, Ваш доступ к уроку-2 блока-1 успешно отправлено по адресу sshweps@gmail.com

******************************************************************************************************************************************************
********************     15 апреля 2019 17:18     ********************
Система запущена в 15 апреля 2019 17:18
Обработано 1 сообщений: 1 успешных, 0 не удалось отправить
---- Details ----
[ ID 89] Сообщение Александр, посмотрели 2 урок? Пройдите тест! успешно отправлено по адресу sshweps@gmail.com

******************************************************************************************************************************************************
********************     15 апреля 2019 19:18     ********************
Система запущена в 15 апреля 2019 19:18
Обработано 1 сообщений: 1 успешных, 0 не удалось отправить
---- Details ----
[ ID 59] Сообщение Результаты теста успешно отправлено по адресу sshweps@gmail.com

******************************************************************************************************************************************************
********************     16 апреля 2019 11:36     ********************
Система запущена в 16 апреля 2019 11:36
Обработано 1 сообщений: 1 успешных, 0 не удалось отправить
---- Details ----
[ ID 72] Сообщение Хотите получить воронку продаж «под ключ»? успешно отправлено по адресу den.kapinus@gmail.com

******************************************************************************************************************************************************
********************     16 апреля 2019 13:36     ********************
Система запущена в 16 апреля 2019 13:36
Обработано 1 сообщений: 1 успешных, 0 не удалось отправить
---- Details ----
[ ID 72] Сообщение Хотите получить воронку продаж «под ключ»? успешно отправлено по адресу kvpetrakov@gmail.com

******************************************************************************************************************************************************
********************     17 апреля 2019 13:18     ********************
Система запущена в 17 апреля 2019 13:18
Обработано 1 сообщений: 1 успешных, 0 не удалось отправить
---- Details ----
[ ID 65] Сообщение Александр, Ваш доступ к уроку по интернет маркетингу готов успешно отправлено по адресу sshweps@gmail.com

******************************************************************************************************************************************************
********************     17 апреля 2019 14:36     ********************
Система запущена в 17 апреля 2019 14:36
Обработано 1 сообщений: 1 успешных, 0 не удалось отправить
---- Details ----
[ ID 65] Сообщение Ssfdfsdfdsf, Ваш доступ к уроку по интернет маркетингу готов успешно отправлено по адресу tazuxev@mail-apps.net

******************************************************************************************************************************************************
********************     19 апреля 2019 13:18     ********************
Система запущена в 19 апреля 2019 13:18
Обработано 1 сообщений: 1 успешных, 0 не удалось отправить
---- Details ----
[ ID 67] Сообщение Александр, Ваш доступ к уроку-3. Какие нужны люди в digital компании - готов. успешно отправлено по адресу sshweps@gmail.com

******************************************************************************************************************************************************
********************     19 апреля 2019 14:36     ********************
Система запущена в 19 апреля 2019 14:36
Обработано 1 сообщений: 1 успешных, 0 не удалось отправить
---- Details ----
[ ID 67] Сообщение Ssfdfsdfdsf, Ваш доступ к уроку-3. Какие нужны люди в digital компании - готов. успешно отправлено по адресу tazuxev@mail-apps.net

******************************************************************************************************************************************************
********************     19 апреля 2019 17:48     ********************
Система запущена в 19 апреля 2019 17:48
Обработано 70 сообщений: 30 успешных, 40 не удалось отправить
---- Details ----
[ ID 97] Пользователь test@ukr.net не подтвердил подписку
[ ID 97] Пользователь nikita@gmail.com не подтвердил подписку
[ ID 97] Пользователь ewsdff@gmail.com не подтвердил подписку
[ ID 97] Пользователь hugarden2012@gmail.com не подтвердил подписку
[ ID 97] Пользователь vls@arbooz.com не подтвердил подписку
[ ID 97] Пользователь dm_bg@mail.ru не подтвердил подписку
[ ID 97] Сообщение Как не дать себя надуть псевдо cpa лидогенераторам - Vladimir Winner успешно отправлено по адресу agorobej@gmail.com
[ ID 97] Пользователь 345@gmail.com не подтвердил подписку
[ ID 97] Пользователь azdmtest2@gmail.com не подтвердил подписку
[ ID 97] Пользователь katerinagrin@ukr.net не подтвердил подписку
[ ID 97] Пользователь vkl@arbooz.org не подтвердил подписку
[ ID 97] Пользователь vbk@arbooz.org не подтвердил подписку
[ ID 97] Пользователь skrilula@gmail.com не подтвердил подписку
[ ID 97] Сообщение Как не дать себя надуть псевдо cpa лидогенераторам - Vladimir Winner успешно отправлено по адресу azat.zhetpis@mail.ru
[ ID 97] Сообщение Как не дать себя надуть псевдо cpa лидогенераторам - Vladimir Winner успешно отправлено по адресу anna.babii777@gmail.com
[ ID 97] Сообщение Как не дать себя надуть псевдо cpa лидогенераторам - Vladimir Winner успешно отправлено по адресу azilkhana@mail.ru
[ ID 97] Пользователь arbooz.com@gmail.com не подтвердил подписку
[ ID 97] Сообщение Как не дать себя надуть псевдо cpa лидогенераторам - Vladimir Winner успешно отправлено по адресу altay1708@gmail.com
[ ID 97] Пользователь ruslanka14@i.ua не подтвердил подписку
[ ID 97] Сообщение Как не дать себя надуть псевдо cpa лидогенераторам - Vladimir Winner успешно отправлено по адресу evgeniy.batura@gmail.com
[ ID 97] Сообщение Как не дать себя надуть псевдо cpa лидогенераторам - Vladimir Winner успешно отправлено по адресу guseinova.ella@mail.ru
[ ID 97] Пользователь fucur-2011@mail.ru не подтвердил подписку
[ ID 97] Сообщение Как не дать себя надуть псевдо cpa лидогенераторам - Vladimir Winner успешно отправлено по адресу saidoff7@mail.ru
[ ID 97] Пользователь ira270571@gmail.com не подтвердил подписку
[ ID 97] Пользователь viktoriyder98@gmail.com не подтвердил подписку
[ ID 97] Сообщение Как не дать себя надуть псевдо cpa лидогенераторам - Vladimir Winner успешно отправлено по адресу tsuran.mn@mvz.by
[ ID 97] Сообщение Как не дать себя надуть псевдо cpa лидогенераторам - Vladimir Winner успешно отправлено по адресу dallex72@gmail.com
[ ID 97] Пользователь dinawo@mail.ru не подтвердил подписку
[ ID 97] Сообщение Как не дать себя надуть псевдо cpa лидогенераторам - Vladimir Winner успешно отправлено по адресу v.i.kolisnyk@gmail.com
[ ID 97] Пользователь nn_fomenko@inbox.ru не подтвердил подписку
[ ID 97] Сообщение Как не дать себя надуть псевдо cpa лидогенераторам - Vladimir Winner успешно отправлено по адресу thelen72@mail.ru
[ ID 97] Пользователь ravkova@mail.ru не подтвердил подписку
[ ID 97] Сообщение Как не дать себя надуть псевдо cpa лидогенераторам - Vladimir Winner успешно отправлено по адресу zhanulya2206@gmail.com
[ ID 97] Сообщение Как не дать себя надуть псевдо cpa лидогенераторам - Vladimir Winner успешно отправлено по адресу frezaplus132@gmail.com
[ ID 97] Сообщение Как не дать себя надуть псевдо cpa лидогенераторам - Vladimir Winner успешно отправлено по адресу slimp2222@yandex.ua
[ ID 97] Пользователь opa71@list.ru не подтвердил подписку
[ ID 97] Сообщение Как не дать себя надуть псевдо cpa лидогенераторам - Vladimir Winner успешно отправлено по адресу balticmilk@mail.ru
[ ID 97] Пользователь odessa-raduga@ukr.net не подтвердил подписку
[ ID 97] Сообщение Как не дать себя надуть псевдо cpa лидогенераторам - Vladimir Winner успешно отправлено по адресу nataliia.nedashkivska@gmail.com
[ ID 97] Пользователь ibondarenko.k@gmail.com не подтвердил подписку
[ ID 97] Сообщение Как не дать себя надуть псевдо cpa лидогенераторам - Vladimir Winner успешно отправлено по адресу sanjoktektonik@gmail.com
[ ID 97] Пользователь timvest@ya.ru не подтвердил подписку
[ ID 97] Пользователь anatolic19.09.93@gmail.com не подтвердил подписку
[ ID 97] Пользователь molbaevs@mail.ru не подтвердил подписку
[ ID 97] Сообщение Как не дать себя надуть псевдо cpa лидогенераторам - Vladimir Winner успешно отправлено по адресу tynqys.72@gmail.com
[ ID 97] Пользователь jereliaclub@i.ua не подтвердил подписку
[ ID 97] Сообщение Как не дать себя надуть псевдо cpa лидогенераторам - Vladimir Winner успешно отправлено по адресу kn120476nk@gmail.com
[ ID 97] Сообщение Как не дать себя надуть псевдо cpa лидогенераторам - Vladimir Winner успешно отправлено по адресу kdv2002@ukr.net
[ ID 97] Сообщение Как не дать себя надуть псевдо cpa лидогенераторам - Vladimir Winner успешно отправлено по адресу aprylutsk@gmail.com
[ ID 97] Сообщение Как не дать себя надуть псевдо cpa лидогенераторам - Vladimir Winner успешно отправлено по адресу yulianchik1980@gmail.com
[ ID 97] Пользователь mbk.khalida@gmail.com не подтвердил подписку
[ ID 97] Сообщение Как не дать себя надуть псевдо cpa лидогенераторам - Vladimir Winner успешно отправлено по адресу rym131280@gmail.com
[ ID 97] Сообщение Как не дать себя надуть псевдо cpa лидогенераторам - Vladimir Winner успешно отправлено по адресу 12365nikita@gmail.com
[ ID 97] Сообщение Как не дать себя надуть псевдо cpa лидогенераторам - Vladimir Winner успешно отправлено по адресу prokmar@rambler.ru
[ ID 97] Пользователь opalla@ukr.net не подтвердил подписку
[ ID 97] Сообщение Как не дать себя надуть псевдо cpa лидогенераторам - Vladimir Winner успешно отправлено по адресу fevastfish@gmail.com
[ ID 97] Пользователь real1212@ukr.net не подтвердил подписку
[ ID 97] Пользователь madiya.akhmetova@gmail.com не подтвердил подписку
[ ID 97] Сообщение Как не дать себя надуть псевдо cpa лидогенераторам - Vladimir Winner успешно отправлено по адресу alexnev5901@gmail.com
[ ID 97] Сообщение Как не дать себя надуть псевдо cpa лидогенераторам - Vladimir Winner успешно отправлено по адресу sun161717@gmail.com
[ ID 97] Пользователь sonya5952@yandex.ru не подтвердил подписку
[ ID 97] Пользователь kimbat21@mail.ru не подтвердил подписку
[ ID 97] Пользователь superhairlt@yandex.ru не подтвердил подписку
[ ID 97] Пользователь zaure.m.z.t@gmail.com не подтвердил подписку
[ ID 97] Пользователь kharkov@internet-bilet.com.ua не подтвердил подписку
[ ID 97] Пользователь o.bush@mail.ru не подтвердил подписку
[ ID 97] Пользователь melnikkolya250@gmail.com не подтвердил подписку
[ ID 97] Пользователь 2448802@mail.ru не подтвердил подписку
[ ID 97] Пользователь nataliavramenko07@gmail.com не подтвердил подписку
[ ID 97] Сообщение Как не дать себя надуть псевдо cpa лидогенераторам - Vladimir Winner успешно отправлено по адресу a.e.koriagin@gmail.com

******************************************************************************************************************************************************
********************     19 апреля 2019 18:06     ********************
Система запущена в 19 апреля 2019 18:06
Обработано 70 сообщений: 40 успешных, 30 не удалось отправить
---- Details ----
[ ID 97] Пользователь vadim.ng@icloud.com не подтвердил подписку
[ ID 97] Пользователь bezrukjul@yandex.ru не подтвердил подписку
[ ID 97] Сообщение Как не дать себя надуть псевдо cpa лидогенераторам - Vladimir Winner успешно отправлено по адресу svr1804@yandex.ru
[ ID 97] Пользователь ktleubayev@yandex.ru не подтвердил подписку
[ ID 97] Пользователь dv66-52@mail.ru не подтвердил подписку
[ ID 97] Сообщение Как не дать себя надуть псевдо cpa лидогенераторам - Vladimir Winner успешно отправлено по адресу d.abramov@arbooz.com
[ ID 97] Пользователь devops@arbooz.com не подтвердил подписку
[ ID 97] Сообщение Как не дать себя надуть псевдо cpa лидогенераторам - Vladimir Winner успешно отправлено по адресу vls@arbooz.org
[ ID 97] Пользователь n.vasukov@arbooz.org не подтвердил подписку
[ ID 97] Сообщение Как не дать себя надуть псевдо cpa лидогенераторам - Vladimir Winner успешно отправлено по адресу n.vasukov@arbooz.com
[ ID 97] Пользователь shokopack.marketing@gmail.com не подтвердил подписку
[ ID 97] Сообщение Как не дать себя надуть псевдо cpa лидогенераторам - Vladimir Winner успешно отправлено по адресу valerijnazarov1@gmail.com
[ ID 97] Пользователь ct10@krasa.kiev.ua не подтвердил подписку
[ ID 97] Пользователь nigara@mail.ru не подтвердил подписку
[ ID 97] Пользователь yaroslavstadnik@gmail.com не подтвердил подписку
[ ID 97] Пользователь khdk@gmail.com не подтвердил подписку
[ ID 97] Сообщение Как не дать себя надуть псевдо cpa лидогенераторам - Vladimir Winner успешно отправлено по адресу yuliya-lobanova@mail.ru
[ ID 97] Пользователь embodiedfreedom@gmail.com не подтвердил подписку
[ ID 97] Пользователь povhtaaaaa@gmail.com не подтвердил подписку
[ ID 97] Пользователь aviktirovich193@gmail.com не подтвердил подписку
[ ID 97] Сообщение Как не дать себя надуть псевдо cpa лидогенераторам - Vladimir Winner успешно отправлено по адресу kraskosus@gmail.com
[ ID 97] Пользователь artdor@gmail.com не подтвердил подписку
[ ID 97] Сообщение Как не дать себя надуть псевдо cpa лидогенераторам - Vladimir Winner успешно отправлено по адресу juliarush19@gmail.com
[ ID 97] Пользователь m.ustinovsky@arber.ua не подтвердил подписку
[ ID 97] Пользователь alyonka0301@ukr.net не подтвердил подписку
[ ID 97] Пользователь test@test.com не подтвердил подписку
[ ID 97] Сообщение Как не дать себя надуть псевдо cpa лидогенераторам - Vladimir Winner успешно отправлено по адресу egodoor@gmail.com
[ ID 97] Сообщение Как не дать себя надуть псевдо cpa лидогенераторам - Vladimir Winner успешно отправлено по адресу deferend794@gmail.com
[ ID 97] Сообщение Как не дать себя надуть псевдо cpa лидогенераторам - Vladimir Winner успешно отправлено по адресу iorgachev.makc@gmail.com
[ ID 97] Сообщение Как не дать себя надуть псевдо cpa лидогенераторам - Vladimir Winner успешно отправлено по адресу karinatokanova1999@gmail.com
[ ID 97] Сообщение Как не дать себя надуть псевдо cpa лидогенераторам - Vladimir Winner успешно отправлено по адресу etoilegroup@bk.ru
[ ID 97] Сообщение Как не дать себя надуть псевдо cpa лидогенераторам - Vladimir Winner успешно отправлено по адресу vit.durov@gmail.com
[ ID 97] Сообщение Как не дать себя надуть псевдо cpa лидогенераторам - Vladimir Winner успешно отправлено по адресу koval5555.da@gmail.com
[ ID 97] Сообщение Как не дать себя надуть псевдо cpa лидогенераторам - Vladimir Winner успешно отправлено по адресу bestbudbeton@gmail.com
[ ID 97] Пользователь zhankobay67@mail.ru не подтвердил подписку
[ ID 97] Пользователь o.volvach@wmanufacture.eu не подтвердил подписку
[ ID 97] Сообщение Как не дать себя надуть псевдо cpa лидогенераторам - Vladimir Winner успешно отправлено по адресу tina2206china@gmail.com
[ ID 97] Сообщение Как не дать себя надуть псевдо cpa лидогенераторам - Vladimir Winner успешно отправлено по адресу super3star2015@gmail.com
[ ID 97] Пользователь ardan055@mail.ru не подтвердил подписку
[ ID 97] Сообщение Как не дать себя надуть псевдо cpa лидогенераторам - Vladimir Winner успешно отправлено по адресу povoroznyuk1992@gmail.com
[ ID 97] Сообщение Как не дать себя надуть псевдо cpa лидогенераторам - Vladimir Winner успешно отправлено по адресу milena.jewerly@gmail.com
[ ID 97] Сообщение Как не дать себя надуть псевдо cpa лидогенераторам - Vladimir Winner успешно отправлено по адресу dashunya_v_94@mail.ru
[ ID 97] Сообщение Как не дать себя надуть псевдо cpa лидогенераторам - Vladimir Winner успешно отправлено по адресу krymprofstal@mail.ru
[ ID 97] Сообщение Как не дать себя надуть псевдо cpa лидогенераторам - Vladimir Winner успешно отправлено по адресу u.nikolaev@kontaktmarket.ru
[ ID 97] Сообщение Как не дать себя надуть псевдо cpa лидогенераторам - Vladimir Winner успешно отправлено по адресу sergey@olgaermilova.com
[ ID 97] Сообщение Как не дать себя надуть псевдо cpa лидогенераторам - Vladimir Winner успешно отправлено по адресу zaurbekova-a@mail.ru
[ ID 97] Пользователь katagaas.aligina@gmail.com не подтвердил подписку
[ ID 97] Сообщение Как не дать себя надуть псевдо cpa лидогенераторам - Vladimir Winner успешно отправлено по адресу angelina.sl@mail.ru
[ ID 97] Сообщение Как не дать себя надуть псевдо cpa лидогенераторам - Vladimir Winner успешно отправлено по адресу info@sibirskie.com
[ ID 97] Сообщение Как не дать себя надуть псевдо cpa лидогенераторам - Vladimir Winner успешно отправлено по адресу iraleomi@gmail.com
[ ID 97] Пользователь 0981907477@ukr.net не подтвердил подписку
[ ID 97] Пользователь a.danyluk@onlinecorrector.com.ua не подтвердил подписку
[ ID 97] Сообщение Как не дать себя надуть псевдо cpa лидогенераторам - Vladimir Winner успешно отправлено по адресу 377837@ukr.net
[ ID 97] Сообщение Как не дать себя надуть псевдо cpa лидогенераторам - Vladimir Winner успешно отправлено по адресу fdcompany1@ukr.net
[ ID 97] Пользователь domasovi305@gmail.com не подтвердил подписку
[ ID 97] Пользователь si.agrokz2015@gmail.com не подтвердил подписку
[ ID 97] Сообщение Как не дать себя надуть псевдо cpa лидогенераторам - Vladimir Winner успешно отправлено по адресу asheyl@yandex.ru
[ ID 97] Сообщение Как не дать себя надуть псевдо cpa лидогенераторам - Vladimir Winner успешно отправлено по адресу ineusrio1986@gmail.com
[ ID 97] Сообщение Как не дать себя надуть псевдо cpa лидогенераторам - Vladimir Winner успешно отправлено по адресу marinagridko99@gmail.com
[ ID 97] Сообщение Как не дать себя надуть псевдо cpa лидогенераторам - Vladimir Winner успешно отправлено по адресу nadezhda-n@list.ru
[ ID 97] Сообщение Как не дать себя надуть псевдо cpa лидогенераторам - Vladimir Winner успешно отправлено по адресу nativesell@gmail.com
[ ID 97] Пользователь ksusa0602208@gmail.com не подтвердил подписку
[ ID 97] Пользователь oreo122.com@gmil.com не подтвердил подписку
[ ID 97] Сообщение Как не дать себя надуть псевдо cpa лидогенераторам - Vladimir Winner успешно отправлено по адресу semanemtinov@mail.ru
[ ID 97] Сообщение Как не дать себя надуть псевдо cpa лидогенераторам - Vladimir Winner успешно отправлено по адресу titarovskaya1@gmail.com
[ ID 97] Пользователь mebel-boom@email.ua не подтвердил подписку
[ ID 97] Сообщение Как не дать себя надуть псевдо cpa лидогенераторам - Vladimir Winner успешно отправлено по адресу nsdveriodessa@gmail.com
[ ID 97] Сообщение Как не дать себя надуть псевдо cpa лидогенераторам - Vladimir Winner успешно отправлено по адресу dovga.vita@gmail.com
[ ID 97] Сообщение Как не дать себя надуть псевдо cpa лидогенераторам - Vladimir Winner успешно отправлено по адресу svetlana.kadolba@gmail.com
[ ID 97] Пользователь zalivstudio@gmail.com не подтвердил подписку

******************************************************************************************************************************************************
********************     19 апреля 2019 18:18     ********************
Система запущена в 19 апреля 2019 18:18
Обработано 10 сообщений: 5 успешных, 5 не удалось отправить
---- Details ----
[ ID 97] Сообщение Как не дать себя надуть псевдо cpa лидогенераторам - Vladimir Winner успешно отправлено по адресу bar5peppers@gmail.com
[ ID 97] Пользователь officeinova@gmail.com не подтвердил подписку
[ ID 97] Пользователь monaxola83@gmail.com не подтвердил подписку
[ ID 97] Пользователь yaroslava.tkachuk.15@gmail.com не подтвердил подписку
[ ID 97] Пользователь r888r888@ukr.net не подтвердил подписку
[ ID 97] Сообщение Как не дать себя надуть псевдо cpa лидогенераторам - Vladimir Winner успешно отправлено по адресу den.kapinus@gmail.com
[ ID 97] Сообщение Как не дать себя надуть псевдо cpa лидогенераторам - Vladimir Winner успешно отправлено по адресу kvpetrakov@gmail.com
[ ID 97] Сообщение Как не дать себя надуть псевдо cpa лидогенераторам - Vladimir Winner успешно отправлено по адресу sshweps@gmail.com
[ ID 97] Сообщение Как не дать себя надуть псевдо cpa лидогенераторам - Vladimir Winner успешно отправлено по адресу tazuxev@mail-apps.net
[ ID 97] Пользователь vasukovnick@gmail.com не подтвердил подписку

******************************************************************************************************************************************************
********************     21 апреля 2019 13:18     ********************
Система запущена в 21 апреля 2019 13:18
Обработано 1 сообщений: 1 успешных, 0 не удалось отправить
---- Details ----
[ ID 72] Сообщение Хотите получить воронку продаж «под ключ»? успешно отправлено по адресу sshweps@gmail.com

******************************************************************************************************************************************************
********************     21 апреля 2019 14:36     ********************
Система запущена в 21 апреля 2019 14:36
Обработано 1 сообщений: 1 успешных, 0 не удалось отправить
---- Details ----
[ ID 72] Сообщение Хотите получить воронку продаж «под ключ»? успешно отправлено по адресу tazuxev@mail-apps.net

******************************************************************************************************************************************************
********************     21 апреля 2019 17:48     ********************
Система запущена в 21 апреля 2019 17:48
Обработано 70 сообщений: 30 успешных, 40 не удалось отправить
---- Details ----
[ ID 98] Пользователь test@ukr.net не подтвердил подписку
[ ID 98] Пользователь nikita@gmail.com не подтвердил подписку
[ ID 98] Пользователь ewsdff@gmail.com не подтвердил подписку
[ ID 98] Пользователь hugarden2012@gmail.com не подтвердил подписку
[ ID 98] Пользователь vls@arbooz.com не подтвердил подписку
[ ID 98] Пользователь dm_bg@mail.ru не подтвердил подписку
[ ID 98] Сообщение Формула уважения и как она работает со специалистом - Vladimir Winner успешно отправлено по адресу agorobej@gmail.com
[ ID 98] Пользователь 345@gmail.com не подтвердил подписку
[ ID 98] Пользователь azdmtest2@gmail.com не подтвердил подписку
[ ID 98] Пользователь katerinagrin@ukr.net не подтвердил подписку
[ ID 98] Пользователь vkl@arbooz.org не подтвердил подписку
[ ID 98] Пользователь vbk@arbooz.org не подтвердил подписку
[ ID 98] Пользователь skrilula@gmail.com не подтвердил подписку
[ ID 98] Сообщение Формула уважения и как она работает со специалистом - Vladimir Winner успешно отправлено по адресу azat.zhetpis@mail.ru
[ ID 98] Сообщение Формула уважения и как она работает со специалистом - Vladimir Winner успешно отправлено по адресу anna.babii777@gmail.com
[ ID 98] Сообщение Формула уважения и как она работает со специалистом - Vladimir Winner успешно отправлено по адресу azilkhana@mail.ru
[ ID 98] Пользователь arbooz.com@gmail.com не подтвердил подписку
[ ID 98] Сообщение Формула уважения и как она работает со специалистом - Vladimir Winner успешно отправлено по адресу altay1708@gmail.com
[ ID 98] Пользователь ruslanka14@i.ua не подтвердил подписку
[ ID 98] Сообщение Формула уважения и как она работает со специалистом - Vladimir Winner успешно отправлено по адресу evgeniy.batura@gmail.com
[ ID 98] Сообщение Формула уважения и как она работает со специалистом - Vladimir Winner успешно отправлено по адресу guseinova.ella@mail.ru
[ ID 98] Пользователь fucur-2011@mail.ru не подтвердил подписку
[ ID 98] Сообщение Формула уважения и как она работает со специалистом - Vladimir Winner успешно отправлено по адресу saidoff7@mail.ru
[ ID 98] Пользователь ira270571@gmail.com не подтвердил подписку
[ ID 98] Пользователь viktoriyder98@gmail.com не подтвердил подписку
[ ID 98] Сообщение Формула уважения и как она работает со специалистом - Vladimir Winner успешно отправлено по адресу tsuran.mn@mvz.by
[ ID 98] Сообщение Формула уважения и как она работает со специалистом - Vladimir Winner успешно отправлено по адресу dallex72@gmail.com
[ ID 98] Пользователь dinawo@mail.ru не подтвердил подписку
[ ID 98] Сообщение Формула уважения и как она работает со специалистом - Vladimir Winner успешно отправлено по адресу v.i.kolisnyk@gmail.com
[ ID 98] Пользователь nn_fomenko@inbox.ru не подтвердил подписку
[ ID 98] Сообщение Формула уважения и как она работает со специалистом - Vladimir Winner успешно отправлено по адресу thelen72@mail.ru
[ ID 98] Пользователь ravkova@mail.ru не подтвердил подписку
[ ID 98] Сообщение Формула уважения и как она работает со специалистом - Vladimir Winner успешно отправлено по адресу zhanulya2206@gmail.com
[ ID 98] Сообщение Формула уважения и как она работает со специалистом - Vladimir Winner успешно отправлено по адресу frezaplus132@gmail.com
[ ID 98] Сообщение Формула уважения и как она работает со специалистом - Vladimir Winner успешно отправлено по адресу slimp2222@yandex.ua
[ ID 98] Пользователь opa71@list.ru не подтвердил подписку
[ ID 98] Сообщение Формула уважения и как она работает со специалистом - Vladimir Winner успешно отправлено по адресу balticmilk@mail.ru
[ ID 98] Пользователь odessa-raduga@ukr.net не подтвердил подписку
[ ID 98] Сообщение Формула уважения и как она работает со специалистом - Vladimir Winner успешно отправлено по адресу nataliia.nedashkivska@gmail.com
[ ID 98] Пользователь ibondarenko.k@gmail.com не подтвердил подписку
[ ID 98] Сообщение Формула уважения и как она работает со специалистом - Vladimir Winner успешно отправлено по адресу sanjoktektonik@gmail.com
[ ID 98] Пользователь timvest@ya.ru не подтвердил подписку
[ ID 98] Пользователь anatolic19.09.93@gmail.com не подтвердил подписку
[ ID 98] Пользователь molbaevs@mail.ru не подтвердил подписку
[ ID 98] Сообщение Формула уважения и как она работает со специалистом - Vladimir Winner успешно отправлено по адресу tynqys.72@gmail.com
[ ID 98] Пользователь jereliaclub@i.ua не подтвердил подписку
[ ID 98] Сообщение Формула уважения и как она работает со специалистом - Vladimir Winner успешно отправлено по адресу kn120476nk@gmail.com
[ ID 98] Сообщение Формула уважения и как она работает со специалистом - Vladimir Winner успешно отправлено по адресу kdv2002@ukr.net
[ ID 98] Сообщение Формула уважения и как она работает со специалистом - Vladimir Winner успешно отправлено по адресу aprylutsk@gmail.com
[ ID 98] Сообщение Формула уважения и как она работает со специалистом - Vladimir Winner успешно отправлено по адресу yulianchik1980@gmail.com
[ ID 98] Пользователь mbk.khalida@gmail.com не подтвердил подписку
[ ID 98] Сообщение Формула уважения и как она работает со специалистом - Vladimir Winner успешно отправлено по адресу rym131280@gmail.com
[ ID 98] Сообщение Формула уважения и как она работает со специалистом - Vladimir Winner успешно отправлено по адресу 12365nikita@gmail.com
[ ID 98] Сообщение Формула уважения и как она работает со специалистом - Vladimir Winner успешно отправлено по адресу prokmar@rambler.ru
[ ID 98] Пользователь opalla@ukr.net не подтвердил подписку
[ ID 98] Сообщение Формула уважения и как она работает со специалистом - Vladimir Winner успешно отправлено по адресу fevastfish@gmail.com
[ ID 98] Пользователь real1212@ukr.net не подтвердил подписку
[ ID 98] Пользователь madiya.akhmetova@gmail.com не подтвердил подписку
[ ID 98] Сообщение Формула уважения и как она работает со специалистом - Vladimir Winner успешно отправлено по адресу alexnev5901@gmail.com
[ ID 98] Сообщение Формула уважения и как она работает со специалистом - Vladimir Winner успешно отправлено по адресу sun161717@gmail.com
[ ID 98] Пользователь sonya5952@yandex.ru не подтвердил подписку
[ ID 98] Пользователь kimbat21@mail.ru не подтвердил подписку
[ ID 98] Пользователь superhairlt@yandex.ru не подтвердил подписку
[ ID 98] Пользователь zaure.m.z.t@gmail.com не подтвердил подписку
[ ID 98] Пользователь kharkov@internet-bilet.com.ua не подтвердил подписку
[ ID 98] Пользователь o.bush@mail.ru не подтвердил подписку
[ ID 98] Пользователь melnikkolya250@gmail.com не подтвердил подписку
[ ID 98] Пользователь 2448802@mail.ru не подтвердил подписку
[ ID 98] Пользователь nataliavramenko07@gmail.com не подтвердил подписку
[ ID 98] Сообщение Формула уважения и как она работает со специалистом - Vladimir Winner успешно отправлено по адресу a.e.koriagin@gmail.com

******************************************************************************************************************************************************
********************     21 апреля 2019 18:06     ********************
Система запущена в 21 апреля 2019 18:06
Обработано 70 сообщений: 40 успешных, 30 не удалось отправить
---- Details ----
[ ID 98] Пользователь vadim.ng@icloud.com не подтвердил подписку
[ ID 98] Пользователь bezrukjul@yandex.ru не подтвердил подписку
[ ID 98] Сообщение Формула уважения и как она работает со специалистом - Vladimir Winner успешно отправлено по адресу svr1804@yandex.ru
[ ID 98] Пользователь ktleubayev@yandex.ru не подтвердил подписку
[ ID 98] Пользователь dv66-52@mail.ru не подтвердил подписку
[ ID 98] Сообщение Формула уважения и как она работает со специалистом - Vladimir Winner успешно отправлено по адресу d.abramov@arbooz.com
[ ID 98] Пользователь devops@arbooz.com не подтвердил подписку
[ ID 98] Сообщение Формула уважения и как она работает со специалистом - Vladimir Winner успешно отправлено по адресу vls@arbooz.org
[ ID 98] Пользователь n.vasukov@arbooz.org не подтвердил подписку
[ ID 98] Сообщение Формула уважения и как она работает со специалистом - Vladimir Winner успешно отправлено по адресу n.vasukov@arbooz.com
[ ID 98] Пользователь shokopack.marketing@gmail.com не подтвердил подписку
[ ID 98] Сообщение Формула уважения и как она работает со специалистом - Vladimir Winner успешно отправлено по адресу valerijnazarov1@gmail.com
[ ID 98] Пользователь ct10@krasa.kiev.ua не подтвердил подписку
[ ID 98] Пользователь nigara@mail.ru не подтвердил подписку
[ ID 98] Пользователь yaroslavstadnik@gmail.com не подтвердил подписку
[ ID 98] Пользователь khdk@gmail.com не подтвердил подписку
[ ID 98] Сообщение Формула уважения и как она работает со специалистом - Vladimir Winner успешно отправлено по адресу yuliya-lobanova@mail.ru
[ ID 98] Пользователь embodiedfreedom@gmail.com не подтвердил подписку
[ ID 98] Пользователь povhtaaaaa@gmail.com не подтвердил подписку
[ ID 98] Пользователь aviktirovich193@gmail.com не подтвердил подписку
[ ID 98] Сообщение Формула уважения и как она работает со специалистом - Vladimir Winner успешно отправлено по адресу kraskosus@gmail.com
[ ID 98] Пользователь artdor@gmail.com не подтвердил подписку
[ ID 98] Сообщение Формула уважения и как она работает со специалистом - Vladimir Winner успешно отправлено по адресу juliarush19@gmail.com
[ ID 98] Пользователь m.ustinovsky@arber.ua не подтвердил подписку
[ ID 98] Пользователь alyonka0301@ukr.net не подтвердил подписку
[ ID 98] Пользователь test@test.com не подтвердил подписку
[ ID 98] Сообщение Формула уважения и как она работает со специалистом - Vladimir Winner успешно отправлено по адресу egodoor@gmail.com
[ ID 98] Сообщение Формула уважения и как она работает со специалистом - Vladimir Winner успешно отправлено по адресу deferend794@gmail.com
[ ID 98] Сообщение Формула уважения и как она работает со специалистом - Vladimir Winner успешно отправлено по адресу iorgachev.makc@gmail.com
[ ID 98] Сообщение Формула уважения и как она работает со специалистом - Vladimir Winner успешно отправлено по адресу karinatokanova1999@gmail.com
[ ID 98] Сообщение Формула уважения и как она работает со специалистом - Vladimir Winner успешно отправлено по адресу etoilegroup@bk.ru
[ ID 98] Сообщение Формула уважения и как она работает со специалистом - Vladimir Winner успешно отправлено по адресу vit.durov@gmail.com
[ ID 98] Сообщение Формула уважения и как она работает со специалистом - Vladimir Winner успешно отправлено по адресу koval5555.da@gmail.com
[ ID 98] Сообщение Формула уважения и как она работает со специалистом - Vladimir Winner успешно отправлено по адресу bestbudbeton@gmail.com
[ ID 98] Пользователь zhankobay67@mail.ru не подтвердил подписку
[ ID 98] Пользователь o.volvach@wmanufacture.eu не подтвердил подписку
[ ID 98] Сообщение Формула уважения и как она работает со специалистом - Vladimir Winner успешно отправлено по адресу tina2206china@gmail.com
[ ID 98] Сообщение Формула уважения и как она работает со специалистом - Vladimir Winner успешно отправлено по адресу super3star2015@gmail.com
[ ID 98] Пользователь ardan055@mail.ru не подтвердил подписку
[ ID 98] Сообщение Формула уважения и как она работает со специалистом - Vladimir Winner успешно отправлено по адресу povoroznyuk1992@gmail.com
[ ID 98] Сообщение Формула уважения и как она работает со специалистом - Vladimir Winner успешно отправлено по адресу milena.jewerly@gmail.com
[ ID 98] Сообщение Формула уважения и как она работает со специалистом - Vladimir Winner успешно отправлено по адресу dashunya_v_94@mail.ru
[ ID 98] Сообщение Формула уважения и как она работает со специалистом - Vladimir Winner успешно отправлено по адресу krymprofstal@mail.ru
[ ID 98] Сообщение Формула уважения и как она работает со специалистом - Vladimir Winner успешно отправлено по адресу u.nikolaev@kontaktmarket.ru
[ ID 98] Сообщение Формула уважения и как она работает со специалистом - Vladimir Winner успешно отправлено по адресу sergey@olgaermilova.com
[ ID 98] Сообщение Формула уважения и как она работает со специалистом - Vladimir Winner успешно отправлено по адресу zaurbekova-a@mail.ru
[ ID 98] Пользователь katagaas.aligina@gmail.com не подтвердил подписку
[ ID 98] Сообщение Формула уважения и как она работает со специалистом - Vladimir Winner успешно отправлено по адресу angelina.sl@mail.ru
[ ID 98] Сообщение Формула уважения и как она работает со специалистом - Vladimir Winner успешно отправлено по адресу info@sibirskie.com
[ ID 98] Сообщение Формула уважения и как она работает со специалистом - Vladimir Winner успешно отправлено по адресу iraleomi@gmail.com
[ ID 98] Пользователь 0981907477@ukr.net не подтвердил подписку
[ ID 98] Пользователь a.danyluk@onlinecorrector.com.ua не подтвердил подписку
[ ID 98] Сообщение Формула уважения и как она работает со специалистом - Vladimir Winner успешно отправлено по адресу 377837@ukr.net
[ ID 98] Сообщение Формула уважения и как она работает со специалистом - Vladimir Winner успешно отправлено по адресу fdcompany1@ukr.net
[ ID 98] Пользователь domasovi305@gmail.com не подтвердил подписку
[ ID 98] Пользователь si.agrokz2015@gmail.com не подтвердил подписку
[ ID 98] Сообщение Формула уважения и как она работает со специалистом - Vladimir Winner успешно отправлено по адресу asheyl@yandex.ru
[ ID 98] Сообщение Формула уважения и как она работает со специалистом - Vladimir Winner успешно отправлено по адресу ineusrio1986@gmail.com
[ ID 98] Сообщение Формула уважения и как она работает со специалистом - Vladimir Winner успешно отправлено по адресу marinagridko99@gmail.com
[ ID 98] Сообщение Формула уважения и как она работает со специалистом - Vladimir Winner успешно отправлено по адресу nadezhda-n@list.ru
[ ID 98] Сообщение Формула уважения и как она работает со специалистом - Vladimir Winner успешно отправлено по адресу nativesell@gmail.com
[ ID 98] Пользователь ksusa0602208@gmail.com не подтвердил подписку
[ ID 98] Пользователь oreo122.com@gmil.com не подтвердил подписку
[ ID 98] Сообщение Формула уважения и как она работает со специалистом - Vladimir Winner успешно отправлено по адресу semanemtinov@mail.ru
[ ID 98] Сообщение Формула уважения и как она работает со специалистом - Vladimir Winner успешно отправлено по адресу titarovskaya1@gmail.com
[ ID 98] Пользователь mebel-boom@email.ua не подтвердил подписку
[ ID 98] Сообщение Формула уважения и как она работает со специалистом - Vladimir Winner успешно отправлено по адресу nsdveriodessa@gmail.com
[ ID 98] Сообщение Формула уважения и как она работает со специалистом - Vladimir Winner успешно отправлено по адресу dovga.vita@gmail.com
[ ID 98] Сообщение Формула уважения и как она работает со специалистом - Vladimir Winner успешно отправлено по адресу svetlana.kadolba@gmail.com
[ ID 98] Пользователь zalivstudio@gmail.com не подтвердил подписку

******************************************************************************************************************************************************
********************     21 апреля 2019 18:18     ********************
Система запущена в 21 апреля 2019 18:18
Обработано 10 сообщений: 5 успешных, 5 не удалось отправить
---- Details ----
[ ID 98] Сообщение Формула уважения и как она работает со специалистом - Vladimir Winner успешно отправлено по адресу bar5peppers@gmail.com
[ ID 98] Пользователь officeinova@gmail.com не подтвердил подписку
[ ID 98] Пользователь monaxola83@gmail.com не подтвердил подписку
[ ID 98] Пользователь yaroslava.tkachuk.15@gmail.com не подтвердил подписку
[ ID 98] Пользователь r888r888@ukr.net не подтвердил подписку
[ ID 98] Сообщение Формула уважения и как она работает со специалистом - Vladimir Winner успешно отправлено по адресу den.kapinus@gmail.com
[ ID 98] Сообщение Формула уважения и как она работает со специалистом - Vladimir Winner успешно отправлено по адресу kvpetrakov@gmail.com
[ ID 98] Сообщение Формула уважения и как она работает со специалистом - Vladimir Winner успешно отправлено по адресу sshweps@gmail.com
[ ID 98] Сообщение Формула уважения и как она работает со специалистом - Vladimir Winner успешно отправлено по адресу tazuxev@mail-apps.net
[ ID 98] Пользователь vasukovnick@gmail.com не подтвердил подписку

******************************************************************************************************************************************************
********************     21 апреля 2019 20:06     ********************
Система запущена в 21 апреля 2019 20:06
Обработано 1 сообщений: 1 успешных, 0 не удалось отправить
---- Details ----
[ ID 59] Сообщение Результаты теста успешно отправлено по адресу kvpetrakov@gmail.com

******************************************************************************************************************************************************
********************     24 апреля 2019 14:06     ********************
Система запущена в 24 апреля 2019 14:06
Обработано 1 сообщений: 1 успешных, 0 не удалось отправить
---- Details ----
[ ID 71] Сообщение Хотите получить воронку продаж «под ключ»? Презентация программы и расценки. успешно отправлено по адресу abesadze.nataliia@gmail.com

******************************************************************************************************************************************************
********************     25 апреля 2019 14:06     ********************
Система запущена в 25 апреля 2019 14:06
Обработано 1 сообщений: 1 успешных, 0 не удалось отправить
---- Details ----
[ ID 74] Сообщение Хотите сделать Авто воронку продаж сами? успешно отправлено по адресу abesadze.nataliia@gmail.com

******************************************************************************************************************************************************
********************     26 апреля 2019 14:06     ********************
Система запущена в 26 апреля 2019 14:06
Обработано 1 сообщений: 1 успешных, 0 не удалось отправить
---- Details ----
[ ID 82] Сообщение Ответы на частые вопросы об автоворонках. Советуем вам посмотреть. успешно отправлено по адресу abesadze.nataliia@gmail.com