

******************************************************************************************************************************************************
********************     01 августа 2019 11:06     ********************
Система запущена в 01 августа 2019 11:06
Обработано 1 сообщений: 0 успешных, 1 не удалось отправить
---- Details ----
[ ID 59] Пользователь vasukovnick@gmail.com не подтвердил подписку

******************************************************************************************************************************************************
********************     02 августа 2019 16:36     ********************
Система запущена в 02 августа 2019 16:36
Обработано 1 сообщений: 0 успешных, 1 не удалось отправить
---- Details ----
[ ID 59] Пользователь vasukovnick@gmail.com не подтвердил подписку

******************************************************************************************************************************************************
********************     04 августа 2019 12:06     ********************
Система запущена в 04 августа 2019 12:06
Обработано 1 сообщений: 0 успешных, 1 не удалось отправить
---- Details ----
[ ID 59] Пользователь vasukovnick@gmail.com не подтвердил подписку

******************************************************************************************************************************************************
********************     04 августа 2019 12:36     ********************
Система запущена в 04 августа 2019 12:36
Обработано 1 сообщений: 0 успешных, 1 не удалось отправить
---- Details ----
[ ID 59] Пользователь vasukovnick@gmail.com не подтвердил подписку

******************************************************************************************************************************************************
********************     06 августа 2019 10:36     ********************
Система запущена в 06 августа 2019 10:36
Обработано 1 сообщений: 1 успешных, 0 не удалось отправить
---- Details ----
[ ID 65] Сообщение Asdafa, Ваш доступ к уроку по интернет маркетингу готов успешно отправлено по адресу suwure@rmailgroup.in

******************************************************************************************************************************************************
********************     08 августа 2019 10:36     ********************
Система запущена в 08 августа 2019 10:36
Обработано 1 сообщений: 1 успешных, 0 не удалось отправить
---- Details ----
[ ID 67] Сообщение Asdafa, Ваш доступ к уроку-3. Какие нужны люди в digital компании - готов. успешно отправлено по адресу suwure@rmailgroup.in

******************************************************************************************************************************************************
********************     10 августа 2019 10:36     ********************
Система запущена в 10 августа 2019 10:36
Обработано 1 сообщений: 1 успешных, 0 не удалось отправить
---- Details ----
[ ID 72] Сообщение Хотите получить воронку продаж «под ключ»? успешно отправлено по адресу suwure@rmailgroup.in

******************************************************************************************************************************************************
********************     24 августа 2019 22:48     ********************
Система запущена в 24 августа 2019 22:48
Обработано 1 сообщений: 1 успешных, 0 не удалось отправить
---- Details ----
[ ID 65] Сообщение Jdjjjjdbb, Ваш доступ к уроку по интернет маркетингу готов успешно отправлено по адресу gepokiway@dot-mail.top

******************************************************************************************************************************************************
********************     26 августа 2019 22:48     ********************
Система запущена в 26 августа 2019 22:48
Обработано 1 сообщений: 1 успешных, 0 не удалось отправить
---- Details ----
[ ID 67] Сообщение Jdjjjjdbb, Ваш доступ к уроку-3. Какие нужны люди в digital компании - готов. успешно отправлено по адресу gepokiway@dot-mail.top

******************************************************************************************************************************************************
********************     28 августа 2019 22:48     ********************
Система запущена в 28 августа 2019 22:48
Обработано 1 сообщений: 1 успешных, 0 не удалось отправить
---- Details ----
[ ID 72] Сообщение Хотите получить воронку продаж «под ключ»? успешно отправлено по адресу gepokiway@dot-mail.top