

******************************************************************************************************************************************************
********************     04 января 2019 18:36     ********************
Система запущена в 04 января 2019 18:36
Обработано 1 сообщений: 1 успешных, 0 не удалось отправить
---- Details ----
[ ID 60] Сообщение Test, Хорошая новость! Ваш доступ к видео курсу - интернет грамотности собственника готов.  успешно отправлено по адресу d.abramov@arbooz.com

******************************************************************************************************************************************************
********************     04 января 2019 19:06     ********************
Система запущена в 04 января 2019 19:06
Обработано 1 сообщений: 1 успешных, 0 не удалось отправить
---- Details ----
[ ID 53] Сообщение Test, Ваш доступ к уроку-1 блока-1 успешно отправлено по адресу d.abramov@arbooz.com

******************************************************************************************************************************************************
********************     04 января 2019 23:06     ********************
Система запущена в 04 января 2019 23:06
Обработано 0 сообщений: 0 успешных, 0 не удалось отправить
1 рассылок добавлено в расписание
---- Details ----
33 адресов были добавлены в очередь для отправки рассылки [ID 40] <b><i>{subtag:name|ucfirst}, Хорошая новость! Ваш доступ к видео курсу - интернет грамотности собственника готов. </i></b>

******************************************************************************************************************************************************
********************     04 января 2019 23:24     ********************
Система запущена в 04 января 2019 23:24
Обработано 33 сообщений: 33 успешных, 0 не удалось отправить
---- Details ----
[ ID 40] Сообщение Влад, Хорошая новость! Ваш доступ к видео курсу - интернет грамотности собственника готов.  успешно отправлено по адресу vls@arbooz.org
[ ID 40] Сообщение Анна, Хорошая новость! Ваш доступ к видео курсу - интернет грамотности собственника готов.  успешно отправлено по адресу agorobej@gmail.com
[ ID 40] Сообщение Азат, Хорошая новость! Ваш доступ к видео курсу - интернет грамотности собственника готов.  успешно отправлено по адресу azat.zhetpis@mail.ru
[ ID 40] Сообщение Никита, Хорошая новость! Ваш доступ к видео курсу - интернет грамотности собственника готов.  успешно отправлено по адресу vasukovnick@gmail.com
[ ID 40] Сообщение Anna, Хорошая новость! Ваш доступ к видео курсу - интернет грамотности собственника готов.  успешно отправлено по адресу anna.babii777@gmail.com
[ ID 40] Сообщение Azilkhan, Хорошая новость! Ваш доступ к видео курсу - интернет грамотности собственника готов.  успешно отправлено по адресу azilkhana@mail.ru
[ ID 40] Сообщение Алексей, Хорошая новость! Ваш доступ к видео курсу - интернет грамотности собственника готов.  успешно отправлено по адресу altay1708@gmail.com
[ ID 40] Сообщение Евгений, Хорошая новость! Ваш доступ к видео курсу - интернет грамотности собственника готов.  успешно отправлено по адресу evgeniy.batura@gmail.com
[ ID 40] Сообщение Eleonora , Хорошая новость! Ваш доступ к видео курсу - интернет грамотности собственника готов.  успешно отправлено по адресу guseinova.ella@mail.ru
[ ID 40] Сообщение Анатолий, Хорошая новость! Ваш доступ к видео курсу - интернет грамотности собственника готов.  успешно отправлено по адресу fucur-2011@mail.ru
[ ID 40] Сообщение Olga, Хорошая новость! Ваш доступ к видео курсу - интернет грамотности собственника готов.  успешно отправлено по адресу saidoff7@mail.ru
[ ID 40] Сообщение Максим Николаевич , Хорошая новость! Ваш доступ к видео курсу - интернет грамотности собственника готов.  успешно отправлено по адресу tsuran.mn@mvz.by
[ ID 40] Сообщение Александр, Хорошая новость! Ваш доступ к видео курсу - интернет грамотности собственника готов.  успешно отправлено по адресу dallex72@gmail.com
[ ID 40] Сообщение Виктория, Хорошая новость! Ваш доступ к видео курсу - интернет грамотности собственника готов.  успешно отправлено по адресу v.i.kolisnyk@gmail.com
[ ID 40] Сообщение Еленп, Хорошая новость! Ваш доступ к видео курсу - интернет грамотности собственника готов.  успешно отправлено по адресу thelen72@mail.ru
[ ID 40] Сообщение Жанна, Хорошая новость! Ваш доступ к видео курсу - интернет грамотности собственника готов.  успешно отправлено по адресу zhanulya2206@gmail.com
[ ID 40] Сообщение Сергей, Хорошая новость! Ваш доступ к видео курсу - интернет грамотности собственника готов.  успешно отправлено по адресу frezaplus132@gmail.com
[ ID 40] Сообщение Виталий, Хорошая новость! Ваш доступ к видео курсу - интернет грамотности собственника готов.  успешно отправлено по адресу slimp2222@yandex.ua
[ ID 40] Сообщение Берик, Хорошая новость! Ваш доступ к видео курсу - интернет грамотности собственника готов.  успешно отправлено по адресу balticmilk@mail.ru
[ ID 40] Сообщение Наталия, Хорошая новость! Ваш доступ к видео курсу - интернет грамотности собственника готов.  успешно отправлено по адресу nataliia.nedashkivska@gmail.com
[ ID 40] Сообщение Alex , Хорошая новость! Ваш доступ к видео курсу - интернет грамотности собственника готов.  успешно отправлено по адресу sanjoktektonik@gmail.com
[ ID 40] Сообщение Алексей, Хорошая новость! Ваш доступ к видео курсу - интернет грамотности собственника готов.  успешно отправлено по адресу tynqys.72@gmail.com
[ ID 40] Сообщение Наталя, Хорошая новость! Ваш доступ к видео курсу - интернет грамотности собственника готов.  успешно отправлено по адресу kn120476nk@gmail.com
[ ID 40] Сообщение   анатолий, Хорошая новость! Ваш доступ к видео курсу - интернет грамотности собственника готов.  успешно отправлено по адресу aprylutsk@gmail.com
[ ID 40] Сообщение Юлия, Хорошая новость! Ваш доступ к видео курсу - интернет грамотности собственника готов.  успешно отправлено по адресу yulianchik1980@gmail.com
[ ID 40] Сообщение Алена, Хорошая новость! Ваш доступ к видео курсу - интернет грамотности собственника готов.  успешно отправлено по адресу 12365nikita@gmail.com
[ ID 40] Сообщение Владимир, Хорошая новость! Ваш доступ к видео курсу - интернет грамотности собственника готов.  успешно отправлено по адресу prokmar@rambler.ru
[ ID 40] Сообщение Федор, Хорошая новость! Ваш доступ к видео курсу - интернет грамотности собственника готов.  успешно отправлено по адресу fevastfish@gmail.com
[ ID 40] Сообщение Александр, Хорошая новость! Ваш доступ к видео курсу - интернет грамотности собственника готов.  успешно отправлено по адресу alexnev5901@gmail.com
[ ID 40] Сообщение Bs, Хорошая новость! Ваш доступ к видео курсу - интернет грамотности собственника готов.  успешно отправлено по адресу sun161717@gmail.com
[ ID 40] Сообщение Александр, Хорошая новость! Ваш доступ к видео курсу - интернет грамотности собственника готов.  успешно отправлено по адресу a.e.koriagin@gmail.com
[ ID 40] Сообщение Светлана, Хорошая новость! Ваш доступ к видео курсу - интернет грамотности собственника готов.  успешно отправлено по адресу svr1804@yandex.ru
[ ID 40] Сообщение Test, Хорошая новость! Ваш доступ к видео курсу - интернет грамотности собственника готов.  успешно отправлено по адресу d.abramov@arbooz.com

******************************************************************************************************************************************************
********************     08 января 2019 11:06     ********************
Система запущена в 08 января 2019 11:06
Обработано 0 сообщений: 0 успешных, 0 не удалось отправить
1 рассылок добавлено в расписание
---- Details ----
32 адресов были добавлены в очередь для отправки рассылки [ID 63] <b><i>{subtag:name|ucfirst}, Ваш доступ к уроку по интернет маркетингу готов</i></b>

******************************************************************************************************************************************************
********************     08 января 2019 11:24     ********************
Система запущена в 08 января 2019 11:24
Обработано 32 сообщений: 32 успешных, 0 не удалось отправить
---- Details ----
[ ID 63] Сообщение Анна, Ваш доступ к уроку по интернет маркетингу готов успешно отправлено по адресу agorobej@gmail.com
[ ID 63] Сообщение Азат, Ваш доступ к уроку по интернет маркетингу готов успешно отправлено по адресу azat.zhetpis@mail.ru
[ ID 63] Сообщение Никита, Ваш доступ к уроку по интернет маркетингу готов успешно отправлено по адресу vasukovnick@gmail.com
[ ID 63] Сообщение Anna, Ваш доступ к уроку по интернет маркетингу готов успешно отправлено по адресу anna.babii777@gmail.com
[ ID 63] Сообщение Azilkhan, Ваш доступ к уроку по интернет маркетингу готов успешно отправлено по адресу azilkhana@mail.ru
[ ID 63] Сообщение Алексей, Ваш доступ к уроку по интернет маркетингу готов успешно отправлено по адресу altay1708@gmail.com
[ ID 63] Сообщение Евгений, Ваш доступ к уроку по интернет маркетингу готов успешно отправлено по адресу evgeniy.batura@gmail.com
[ ID 63] Сообщение Eleonora , Ваш доступ к уроку по интернет маркетингу готов успешно отправлено по адресу guseinova.ella@mail.ru
[ ID 63] Сообщение Анатолий, Ваш доступ к уроку по интернет маркетингу готов успешно отправлено по адресу fucur-2011@mail.ru
[ ID 63] Сообщение Olga, Ваш доступ к уроку по интернет маркетингу готов успешно отправлено по адресу saidoff7@mail.ru
[ ID 63] Сообщение Максим Николаевич , Ваш доступ к уроку по интернет маркетингу готов успешно отправлено по адресу tsuran.mn@mvz.by
[ ID 63] Сообщение Александр, Ваш доступ к уроку по интернет маркетингу готов успешно отправлено по адресу dallex72@gmail.com
[ ID 63] Сообщение Виктория, Ваш доступ к уроку по интернет маркетингу готов успешно отправлено по адресу v.i.kolisnyk@gmail.com
[ ID 63] Сообщение Еленп, Ваш доступ к уроку по интернет маркетингу готов успешно отправлено по адресу thelen72@mail.ru
[ ID 63] Сообщение Жанна, Ваш доступ к уроку по интернет маркетингу готов успешно отправлено по адресу zhanulya2206@gmail.com
[ ID 63] Сообщение Сергей, Ваш доступ к уроку по интернет маркетингу готов успешно отправлено по адресу frezaplus132@gmail.com
[ ID 63] Сообщение Виталий, Ваш доступ к уроку по интернет маркетингу готов успешно отправлено по адресу slimp2222@yandex.ua
[ ID 63] Сообщение Берик, Ваш доступ к уроку по интернет маркетингу готов успешно отправлено по адресу balticmilk@mail.ru
[ ID 63] Сообщение Наталия, Ваш доступ к уроку по интернет маркетингу готов успешно отправлено по адресу nataliia.nedashkivska@gmail.com
[ ID 63] Сообщение Alex , Ваш доступ к уроку по интернет маркетингу готов успешно отправлено по адресу sanjoktektonik@gmail.com
[ ID 63] Сообщение Алексей, Ваш доступ к уроку по интернет маркетингу готов успешно отправлено по адресу tynqys.72@gmail.com
[ ID 63] Сообщение Наталя, Ваш доступ к уроку по интернет маркетингу готов успешно отправлено по адресу kn120476nk@gmail.com
[ ID 63] Сообщение   анатолий, Ваш доступ к уроку по интернет маркетингу готов успешно отправлено по адресу aprylutsk@gmail.com
[ ID 63] Сообщение Юлия, Ваш доступ к уроку по интернет маркетингу готов успешно отправлено по адресу yulianchik1980@gmail.com
[ ID 63] Сообщение Алена, Ваш доступ к уроку по интернет маркетингу готов успешно отправлено по адресу 12365nikita@gmail.com
[ ID 63] Сообщение Владимир, Ваш доступ к уроку по интернет маркетингу готов успешно отправлено по адресу prokmar@rambler.ru
[ ID 63] Сообщение Федор, Ваш доступ к уроку по интернет маркетингу готов успешно отправлено по адресу fevastfish@gmail.com
[ ID 63] Сообщение Александр, Ваш доступ к уроку по интернет маркетингу готов успешно отправлено по адресу alexnev5901@gmail.com
[ ID 63] Сообщение Bs, Ваш доступ к уроку по интернет маркетингу готов успешно отправлено по адресу sun161717@gmail.com
[ ID 63] Сообщение Александр, Ваш доступ к уроку по интернет маркетингу готов успешно отправлено по адресу a.e.koriagin@gmail.com
[ ID 63] Сообщение Светлана, Ваш доступ к уроку по интернет маркетингу готов успешно отправлено по адресу svr1804@yandex.ru
[ ID 63] Сообщение Test, Ваш доступ к уроку по интернет маркетингу готов успешно отправлено по адресу d.abramov@arbooz.com

******************************************************************************************************************************************************
********************     08 января 2019 15:42     ********************
Система запущена в 08 января 2019 15:42
Обработано 1 сообщений: 1 успешных, 0 не удалось отправить
---- Details ----
[ ID 60] Сообщение Дмитрий , Хорошая новость! Ваш доступ к видео курсу - интернет грамотности собственника готов.  успешно отправлено по адресу kdv2002@ukr.net

******************************************************************************************************************************************************
********************     15 января 2019 17:42     ********************
Система запущена в 15 января 2019 17:42
Обработано 3 сообщений: 3 успешных, 0 не удалось отправить
---- Details ----
[ ID 41] Сообщение Никита, Ваш доступ к уроку-1 блока-1 успешно отправлено по адресу vasukovnick@gmail.com
[ ID 46] Сообщение Никита, Ваш доступ к уроку-2 блока-1 успешно отправлено по адресу vasukovnick@gmail.com
[ ID 53] Сообщение Никита, Ваш доступ к уроку-1 блока-1 успешно отправлено по адресу vasukovnick@gmail.com

******************************************************************************************************************************************************
********************     16 января 2019 22:42     ********************
Система запущена в 16 января 2019 22:42
Обработано 1 сообщений: 1 успешных, 0 не удалось отправить
---- Details ----
[ ID 54] Сообщение Test, Ваш доступ к уроку-2 блока-1 успешно отправлено по адресу d.abramov@arbooz.com

******************************************************************************************************************************************************
********************     17 января 2019 10:36     ********************
Система запущена в 17 января 2019 10:36
Обработано 2 сообщений: 2 успешных, 0 не удалось отправить
---- Details ----
[ ID 60] Сообщение Никита, Хорошая новость! Ваш доступ к видео курсу - интернет грамотности собственника готов.  успешно отправлено по адресу n.vasukov@arbooz.com
[ ID 53] Сообщение Никита, Ваш доступ к уроку-1 блока-1 успешно отправлено по адресу n.vasukov@arbooz.com

******************************************************************************************************************************************************
********************     17 января 2019 10:54     ********************
Система запущена в 17 января 2019 10:54
Обработано 1 сообщений: 1 успешных, 0 не удалось отправить
---- Details ----
[ ID 54] Сообщение Никита, Ваш доступ к уроку-2 блока-1 успешно отправлено по адресу n.vasukov@arbooz.com

******************************************************************************************************************************************************
********************     20 января 2019 12:06     ********************
Система запущена в 20 января 2019 12:06
Обработано 1 сообщений: 1 успешных, 0 не удалось отправить
---- Details ----
[ ID 60] Сообщение Оксана , Хорошая новость! Ваш доступ к видео курсу - интернет грамотности собственника готов.  успешно отправлено по адресу rym131280@gmail.com

******************************************************************************************************************************************************
********************     21 января 2019 11:12     ********************
Система запущена в 21 января 2019 11:12
Обработано 1 сообщений: 1 успешных, 0 не удалось отправить
---- Details ----
[ ID 65] Сообщение Оксана , Ваш доступ к уроку по интернет маркетингу готов успешно отправлено по адресу rym131280@gmail.com

******************************************************************************************************************************************************
********************     22 января 2019 11:06     ********************
Система запущена в 22 января 2019 11:06
Обработано 1 сообщений: 1 успешных, 0 не удалось отправить
---- Details ----
[ ID 67] Сообщение Оксана , Ваш доступ к уроку-3. Какие нужны люди в digital компании - готов. успешно отправлено по адресу rym131280@gmail.com

******************************************************************************************************************************************************
********************     29 января 2019 20:06     ********************
Система запущена в 29 января 2019 20:06
Обработано 1 сообщений: 1 успешных, 0 не удалось отправить
---- Details ----
[ ID 60] Сообщение Vls@arbooz.org, Хорошая новость! Ваш доступ к видео курсу - интернет грамотности собственника готов.  успешно отправлено по адресу vls@arbooz.org

******************************************************************************************************************************************************
********************     30 января 2019 17:00     ********************
Система запущена в 30 января 2019 17:00
Обработано 1 сообщений: 0 успешных, 1 не удалось отправить
---- Details ----
[ ID 60] Пользователь yaroslavstadnik@gmail.com не подтвердил подписку

******************************************************************************************************************************************************
********************     30 января 2019 19:12     ********************
Система запущена в 30 января 2019 19:12
Обработано 1 сообщений: 1 успешных, 0 не удалось отправить
---- Details ----
[ ID 65] Сообщение Vls@arbooz.org, Ваш доступ к уроку по интернет маркетингу готов успешно отправлено по адресу vls@arbooz.org

******************************************************************************************************************************************************
********************     31 января 2019 16:00     ********************
Система запущена в 31 января 2019 16:00
Обработано 1 сообщений: 0 успешных, 1 не удалось отправить
---- Details ----
[ ID 65] Пользователь yaroslavstadnik@gmail.com не подтвердил подписку

******************************************************************************************************************************************************
********************     31 января 2019 19:12     ********************
Система запущена в 31 января 2019 19:12
Обработано 1 сообщений: 1 успешных, 0 не удалось отправить
---- Details ----
[ ID 67] Сообщение Vls@arbooz.org, Ваш доступ к уроку-3. Какие нужны люди в digital компании - готов. успешно отправлено по адресу vls@arbooz.org