

******************************************************************************************************************************************************
********************     01 февраля 2019 16:00     ********************
Система запущена в 01 февраля 2019 16:00
Обработано 1 сообщений: 0 успешных, 1 не удалось отправить
---- Details ----
[ ID 67] Пользователь yaroslavstadnik@gmail.com не подтвердил подписку

******************************************************************************************************************************************************
********************     01 февраля 2019 19:12     ********************
Система запущена в 01 февраля 2019 19:12
Обработано 1 сообщений: 1 успешных, 0 не удалось отправить
---- Details ----
[ ID 71] Сообщение Хотите получить воронку продаж «под ключ»? Презентация программы. успешно отправлено по адресу yuliya-lobanova@mail.ru

******************************************************************************************************************************************************
********************     02 февраля 2019 16:00     ********************
Система запущена в 02 февраля 2019 16:00
Обработано 1 сообщений: 0 успешных, 1 не удалось отправить
---- Details ----
[ ID 72] Пользователь yaroslavstadnik@gmail.com не подтвердил подписку

******************************************************************************************************************************************************
********************     03 февраля 2019 23:30     ********************
Система запущена в 03 февраля 2019 23:30
Обработано 1 сообщений: 1 успешных, 0 не удалось отправить
---- Details ----
[ ID 71] Сообщение Хотите получить воронку продаж «под ключ»? Презентация программы. успешно отправлено по адресу kraskosus@gmail.com

******************************************************************************************************************************************************
********************     05 февраля 2019 13:42     ********************
Система запущена в 05 февраля 2019 13:42
Обработано 1 сообщений: 1 успешных, 0 не удалось отправить
---- Details ----
[ ID 71] Сообщение Хотите получить воронку продаж «под ключ»? Презентация программы. успешно отправлено по адресу juliarush19@gmail.com

******************************************************************************************************************************************************
********************     01 марта 2019 00:30     ********************
Система запущена в 01 марта 2019 00:30
Обработано 1 сообщений: 1 успешных, 0 не удалось отправить
---- Details ----
[ ID 71] Сообщение Хотите получить воронку продаж «под ключ»? Презентация программы. успешно отправлено по адресу deferend794@gmail.com